<?xml version="1.0" encoding="UTF-8"?>
<testng-results skipped="0" failed="0" total="268" passed="268">
  <reporter-output>
  </reporter-output>
  <suite name="Command line suite" duration-ms="201" started-at="2015-12-24T05:35:14Z" finished-at="2015-12-24T05:35:14Z">
    <groups>
    </groups>
    <test name="Command line test" duration-ms="201" started-at="2015-12-24T05:35:14Z" finished-at="2015-12-24T05:35:14Z">
      <class name="com.wildstartech.wfa.ticketing.RequestIdGeneratorTest">
        <test-method status="PASS" signature="baseLineTest()[pri:0, instance:com.wildstartech.wfa.ticketing.RequestIdGeneratorTest@71be98f5]" name="baseLineTest" duration-ms="1" started-at="2015-12-24T00:35:14Z" finished-at="2015-12-24T00:35:14Z">
          <reporter-output>
          </reporter-output>
        </test-method> <!-- baseLineTest -->
        <test-method status="PASS" signature="largePrefixWithException()[pri:0, instance:com.wildstartech.wfa.ticketing.RequestIdGeneratorTest@71be98f5]" name="largePrefixWithException" duration-ms="12" started-at="2015-12-24T00:35:14Z" finished-at="2015-12-24T00:35:14Z">
          <exception class="java.lang.IllegalArgumentException">
            <message>
              <![CDATA[The prefix is 11 characters longer than the maximum allowable length of 15]]>
            </message>
            <full-stacktrace>
              <![CDATA[java.lang.IllegalArgumentException: The prefix is 11 characters longer than the maximum allowable length of 15
	at com.wildstartech.wfa.ticketing.RequestIdGenerator.getNextId(RequestIdGenerator.java:163)
	at com.wildstartech.wfa.ticketing.RequestIdGeneratorTest.largePrefixWithException(RequestIdGeneratorTest.java:69)
	at sun.reflect.NativeMethodAccessorImpl.invoke0(Native Method)
	at sun.reflect.NativeMethodAccessorImpl.invoke(NativeMethodAccessorImpl.java:62)
	at sun.reflect.DelegatingMethodAccessorImpl.invoke(DelegatingMethodAccessorImpl.java:43)
	at java.lang.reflect.Method.invoke(Method.java:497)
	at org.testng.internal.MethodInvocationHelper.invokeMethod(MethodInvocationHelper.java:84)
	at org.testng.internal.Invoker.invokeMethod(Invoker.java:714)
	at org.testng.internal.Invoker.invokeTestMethod(Invoker.java:901)
	at org.testng.internal.Invoker.invokeTestMethods(Invoker.java:1231)
	at org.testng.internal.TestMethodWorker.invokeTestMethods(TestMethodWorker.java:127)
	at org.testng.internal.TestMethodWorker.run(TestMethodWorker.java:111)
	at org.testng.TestRunner.privateRun(TestRunner.java:767)
	at org.testng.TestRunner.run(TestRunner.java:617)
	at org.testng.SuiteRunner.runTest(SuiteRunner.java:334)
	at org.testng.SuiteRunner.runSequentially(SuiteRunner.java:329)
	at org.testng.SuiteRunner.privateRun(SuiteRunner.java:291)
	at org.testng.SuiteRunner.run(SuiteRunner.java:240)
	at org.testng.SuiteRunnerWorker.runSuite(SuiteRunnerWorker.java:52)
	at org.testng.SuiteRunnerWorker.run(SuiteRunnerWorker.java:86)
	at org.testng.TestNG.runSuitesSequentially(TestNG.java:1224)
	at org.testng.TestNG.runSuitesLocally(TestNG.java:1149)
	at org.testng.TestNG.run(TestNG.java:1057)
	at org.apache.maven.surefire.testng.TestNGExecutor.run(TestNGExecutor.java:77)
	at org.apache.maven.surefire.testng.TestNGDirectoryTestSuite.executeMulti(TestNGDirectoryTestSuite.java:159)
	at org.apache.maven.surefire.testng.TestNGDirectoryTestSuite.execute(TestNGDirectoryTestSuite.java:99)
	at org.apache.maven.surefire.testng.TestNGProvider.invoke(TestNGProvider.java:106)
	at sun.reflect.NativeMethodAccessorImpl.invoke0(Native Method)
	at sun.reflect.NativeMethodAccessorImpl.invoke(NativeMethodAccessorImpl.java:62)
	at sun.reflect.DelegatingMethodAccessorImpl.invoke(DelegatingMethodAccessorImpl.java:43)
	at java.lang.reflect.Method.invoke(Method.java:497)
	at org.apache.maven.surefire.util.ReflectionUtils.invokeMethodWithArray(ReflectionUtils.java:189)
	at org.apache.maven.surefire.booter.ProviderFactory$ProviderProxy.invoke(ProviderFactory.java:165)
	at org.apache.maven.surefire.booter.ProviderFactory.invokeProvider(ProviderFactory.java:85)
	at org.apache.maven.surefire.booter.ForkedBooter.runSuitesInProcess(ForkedBooter.java:115)
	at org.apache.maven.surefire.booter.ForkedBooter.main(ForkedBooter.java:75)
]]>
            </full-stacktrace>
          </exception> <!-- java.lang.IllegalArgumentException -->
          <reporter-output>
          </reporter-output>
        </test-method> <!-- largePrefixWithException -->
        <test-method status="PASS" signature="longNumberWithException()[pri:0, instance:com.wildstartech.wfa.ticketing.RequestIdGeneratorTest@71be98f5]" name="longNumberWithException" duration-ms="2" started-at="2015-12-24T00:35:14Z" finished-at="2015-12-24T00:35:14Z">
          <exception class="java.lang.IllegalArgumentException">
            <message>
              <![CDATA[The string value of the nextId number is 19 which, when combined with the length of the prefix (0) is greater than the MAX_LENGTH (15) property.]]>
            </message>
            <full-stacktrace>
              <![CDATA[java.lang.IllegalArgumentException: The string value of the nextId number is 19 which, when combined with the length of the prefix (0) is greater than the MAX_LENGTH (15) property.
	at com.wildstartech.wfa.ticketing.RequestIdGenerator.getNextId(RequestIdGenerator.java:202)
	at com.wildstartech.wfa.ticketing.RequestIdGenerator.getNextId(RequestIdGenerator.java:98)
	at com.wildstartech.wfa.ticketing.RequestIdGenerator.getNextId(RequestIdGenerator.java:75)
	at com.wildstartech.wfa.ticketing.RequestIdGeneratorTest.longNumberWithException(RequestIdGeneratorTest.java:90)
	at sun.reflect.NativeMethodAccessorImpl.invoke0(Native Method)
	at sun.reflect.NativeMethodAccessorImpl.invoke(NativeMethodAccessorImpl.java:62)
	at sun.reflect.DelegatingMethodAccessorImpl.invoke(DelegatingMethodAccessorImpl.java:43)
	at java.lang.reflect.Method.invoke(Method.java:497)
	at org.testng.internal.MethodInvocationHelper.invokeMethod(MethodInvocationHelper.java:84)
	at org.testng.internal.Invoker.invokeMethod(Invoker.java:714)
	at org.testng.internal.Invoker.invokeTestMethod(Invoker.java:901)
	at org.testng.internal.Invoker.invokeTestMethods(Invoker.java:1231)
	at org.testng.internal.TestMethodWorker.invokeTestMethods(TestMethodWorker.java:127)
	at org.testng.internal.TestMethodWorker.run(TestMethodWorker.java:111)
	at org.testng.TestRunner.privateRun(TestRunner.java:767)
	at org.testng.TestRunner.run(TestRunner.java:617)
	at org.testng.SuiteRunner.runTest(SuiteRunner.java:334)
	at org.testng.SuiteRunner.runSequentially(SuiteRunner.java:329)
	at org.testng.SuiteRunner.privateRun(SuiteRunner.java:291)
	at org.testng.SuiteRunner.run(SuiteRunner.java:240)
	at org.testng.SuiteRunnerWorker.runSuite(SuiteRunnerWorker.java:52)
	at org.testng.SuiteRunnerWorker.run(SuiteRunnerWorker.java:86)
	at org.testng.TestNG.runSuitesSequentially(TestNG.java:1224)
	at org.testng.TestNG.runSuitesLocally(TestNG.java:1149)
	at org.testng.TestNG.run(TestNG.java:1057)
	at org.apache.maven.surefire.testng.TestNGExecutor.run(TestNGExecutor.java:77)
	at org.apache.maven.surefire.testng.TestNGDirectoryTestSuite.executeMulti(TestNGDirectoryTestSuite.java:159)
	at org.apache.maven.surefire.testng.TestNGDirectoryTestSuite.execute(TestNGDirectoryTestSuite.java:99)
	at org.apache.maven.surefire.testng.TestNGProvider.invoke(TestNGProvider.java:106)
	at sun.reflect.NativeMethodAccessorImpl.invoke0(Native Method)
	at sun.reflect.NativeMethodAccessorImpl.invoke(NativeMethodAccessorImpl.java:62)
	at sun.reflect.DelegatingMethodAccessorImpl.invoke(DelegatingMethodAccessorImpl.java:43)
	at java.lang.reflect.Method.invoke(Method.java:497)
	at org.apache.maven.surefire.util.ReflectionUtils.invokeMethodWithArray(ReflectionUtils.java:189)
	at org.apache.maven.surefire.booter.ProviderFactory$ProviderProxy.invoke(ProviderFactory.java:165)
	at org.apache.maven.surefire.booter.ProviderFactory.invokeProvider(ProviderFactory.java:85)
	at org.apache.maven.surefire.booter.ForkedBooter.runSuitesInProcess(ForkedBooter.java:115)
	at org.apache.maven.surefire.booter.ForkedBooter.main(ForkedBooter.java:75)
]]>
            </full-stacktrace>
          </exception> <!-- java.lang.IllegalArgumentException -->
          <reporter-output>
          </reporter-output>
        </test-method> <!-- longNumberWithException -->
        <test-method status="PASS" signature="shorterMaximumLength()[pri:0, instance:com.wildstartech.wfa.ticketing.RequestIdGeneratorTest@71be98f5]" name="shorterMaximumLength" duration-ms="1" started-at="2015-12-24T00:35:14Z" finished-at="2015-12-24T00:35:14Z">
          <reporter-output>
          </reporter-output>
        </test-method> <!-- shorterMaximumLength -->
      </class> <!-- com.wildstartech.wfa.ticketing.RequestIdGeneratorTest -->
      <class name="com.wildstartech.wfa.location.GeoPointTest">
        <test-method status="PASS" signature="calculateDistanceDefaultUnitsTest()[pri:0, instance:com.wildstartech.wfa.location.GeoPointTest@6fadae5d]" name="calculateDistanceDefaultUnitsTest" duration-ms="104" started-at="2015-12-24T00:35:14Z" finished-at="2015-12-24T00:35:14Z">
          <reporter-output>
          </reporter-output>
        </test-method> <!-- calculateDistanceDefaultUnitsTest -->
        <test-method status="PASS" signature="calculateDistanceKilometersTest()[pri:0, instance:com.wildstartech.wfa.location.GeoPointTest@6fadae5d]" name="calculateDistanceKilometersTest" duration-ms="0" started-at="2015-12-24T00:35:14Z" finished-at="2015-12-24T00:35:14Z">
          <reporter-output>
          </reporter-output>
        </test-method> <!-- calculateDistanceKilometersTest -->
        <test-method status="PASS" signature="calculateDistanceNauticalMilesTest()[pri:0, instance:com.wildstartech.wfa.location.GeoPointTest@6fadae5d]" name="calculateDistanceNauticalMilesTest" duration-ms="1" started-at="2015-12-24T00:35:14Z" finished-at="2015-12-24T00:35:14Z">
          <reporter-output>
          </reporter-output>
        </test-method> <!-- calculateDistanceNauticalMilesTest -->
        <test-method status="PASS" signature="calculateDistanceTest()[pri:0, instance:com.wildstartech.wfa.location.GeoPointTest@6fadae5d]" name="calculateDistanceTest" duration-ms="1" started-at="2015-12-24T00:35:14Z" finished-at="2015-12-24T00:35:14Z">
          <reporter-output>
          </reporter-output>
        </test-method> <!-- calculateDistanceTest -->
      </class> <!-- com.wildstartech.wfa.location.GeoPointTest -->
      <class name="com.wildstartech.wfa.location.spi.DistanceServiceProviderFactoryTest">
        <test-method status="PASS" signature="getService()[pri:0, instance:com.wildstartech.wfa.location.spi.DistanceServiceProviderFactoryTest@6a5fc7f7]" name="getService" duration-ms="0" started-at="2015-12-24T00:35:14Z" finished-at="2015-12-24T00:35:14Z">
          <reporter-output>
          </reporter-output>
        </test-method> <!-- getService -->
        <test-method status="PASS" signature="getInstance()[pri:0, instance:com.wildstartech.wfa.location.spi.DistanceServiceProviderFactoryTest@6a5fc7f7]" name="getInstance" duration-ms="0" started-at="2015-12-24T00:35:14Z" finished-at="2015-12-24T00:35:14Z">
          <reporter-output>
          </reporter-output>
        </test-method> <!-- getInstance -->
      </class> <!-- com.wildstartech.wfa.location.spi.DistanceServiceProviderFactoryTest -->
      <class name="com.wildstartech.wfa.location.spi.DistanceServiceProviderTest">
        <test-method status="PASS" signature="calculateDistanceGeoPointGeoPointTest()[pri:0, instance:com.wildstartech.wfa.location.spi.DistanceServiceProviderTest@17f6480]" name="calculateDistanceGeoPointGeoPointTest" duration-ms="0" started-at="2015-12-24T00:35:14Z" finished-at="2015-12-24T00:35:14Z">
          <reporter-output>
          </reporter-output>
        </test-method> <!-- calculateDistanceGeoPointGeoPointTest -->
      </class> <!-- com.wildstartech.wfa.location.spi.DistanceServiceProviderTest -->
      <class name="com.wildstartech.wfa.logistics.ltl.pricemodel.CubeDistancePriceModelTest">
        <test-method status="PASS" signature="testCalculation()[pri:0, instance:com.wildstartech.wfa.logistics.ltl.pricemodel.CubeDistancePriceModelTest@59a6e353]" name="testCalculation" duration-ms="8" started-at="2015-12-24T00:35:14Z" finished-at="2015-12-24T00:35:14Z">
          <reporter-output>
          </reporter-output>
        </test-method> <!-- testCalculation -->
      </class> <!-- com.wildstartech.wfa.logistics.ltl.pricemodel.CubeDistancePriceModelTest -->
      <class name="com.wildstartech.wfa.country.TestCountryFactory">
        <test-method status="PASS" signature="testAfghanistan()[pri:0, instance:com.wildstartech.wfa.country.TestCountryFactory@3d24753a]" name="testAfghanistan" duration-ms="1" started-at="2015-12-24T00:35:14Z" finished-at="2015-12-24T00:35:14Z">
          <reporter-output>
          </reporter-output>
        </test-method> <!-- testAfghanistan -->
        <test-method status="PASS" signature="testAlbania()[pri:0, instance:com.wildstartech.wfa.country.TestCountryFactory@3d24753a]" name="testAlbania" duration-ms="0" started-at="2015-12-24T00:35:14Z" finished-at="2015-12-24T00:35:14Z">
          <reporter-output>
          </reporter-output>
        </test-method> <!-- testAlbania -->
        <test-method status="PASS" signature="testAlgeria()[pri:0, instance:com.wildstartech.wfa.country.TestCountryFactory@3d24753a]" name="testAlgeria" duration-ms="0" started-at="2015-12-24T00:35:14Z" finished-at="2015-12-24T00:35:14Z">
          <reporter-output>
          </reporter-output>
        </test-method> <!-- testAlgeria -->
        <test-method status="PASS" signature="testAlandIslands()[pri:0, instance:com.wildstartech.wfa.country.TestCountryFactory@3d24753a]" name="testAlandIslands" duration-ms="0" started-at="2015-12-24T00:35:14Z" finished-at="2015-12-24T00:35:14Z">
          <reporter-output>
          </reporter-output>
        </test-method> <!-- testAlandIslands -->
        <test-method status="PASS" signature="testAmericanSamoa()[pri:0, instance:com.wildstartech.wfa.country.TestCountryFactory@3d24753a]" name="testAmericanSamoa" duration-ms="1" started-at="2015-12-24T00:35:14Z" finished-at="2015-12-24T00:35:14Z">
          <reporter-output>
          </reporter-output>
        </test-method> <!-- testAmericanSamoa -->
        <test-method status="PASS" signature="testAntarctica()[pri:0, instance:com.wildstartech.wfa.country.TestCountryFactory@3d24753a]" name="testAntarctica" duration-ms="0" started-at="2015-12-24T00:35:14Z" finished-at="2015-12-24T00:35:14Z">
          <reporter-output>
          </reporter-output>
        </test-method> <!-- testAntarctica -->
        <test-method status="PASS" signature="testAnguilla()[pri:0, instance:com.wildstartech.wfa.country.TestCountryFactory@3d24753a]" name="testAnguilla" duration-ms="0" started-at="2015-12-24T00:35:14Z" finished-at="2015-12-24T00:35:14Z">
          <reporter-output>
          </reporter-output>
        </test-method> <!-- testAnguilla -->
        <test-method status="PASS" signature="testAndorra()[pri:0, instance:com.wildstartech.wfa.country.TestCountryFactory@3d24753a]" name="testAndorra" duration-ms="0" started-at="2015-12-24T00:35:14Z" finished-at="2015-12-24T00:35:14Z">
          <reporter-output>
          </reporter-output>
        </test-method> <!-- testAndorra -->
        <test-method status="PASS" signature="testAngola()[pri:0, instance:com.wildstartech.wfa.country.TestCountryFactory@3d24753a]" name="testAngola" duration-ms="0" started-at="2015-12-24T00:35:14Z" finished-at="2015-12-24T00:35:14Z">
          <reporter-output>
          </reporter-output>
        </test-method> <!-- testAngola -->
        <test-method status="PASS" signature="testArmenia()[pri:0, instance:com.wildstartech.wfa.country.TestCountryFactory@3d24753a]" name="testArmenia" duration-ms="0" started-at="2015-12-24T00:35:14Z" finished-at="2015-12-24T00:35:14Z">
          <reporter-output>
          </reporter-output>
        </test-method> <!-- testArmenia -->
        <test-method status="PASS" signature="testArgentina()[pri:0, instance:com.wildstartech.wfa.country.TestCountryFactory@3d24753a]" name="testArgentina" duration-ms="0" started-at="2015-12-24T00:35:14Z" finished-at="2015-12-24T00:35:14Z">
          <reporter-output>
          </reporter-output>
        </test-method> <!-- testArgentina -->
        <test-method status="PASS" signature="testAustria()[pri:0, instance:com.wildstartech.wfa.country.TestCountryFactory@3d24753a]" name="testAustria" duration-ms="1" started-at="2015-12-24T00:35:14Z" finished-at="2015-12-24T00:35:14Z">
          <reporter-output>
          </reporter-output>
        </test-method> <!-- testAustria -->
        <test-method status="PASS" signature="testAustralia()[pri:0, instance:com.wildstartech.wfa.country.TestCountryFactory@3d24753a]" name="testAustralia" duration-ms="0" started-at="2015-12-24T00:35:14Z" finished-at="2015-12-24T00:35:14Z">
          <reporter-output>
          </reporter-output>
        </test-method> <!-- testAustralia -->
        <test-method status="PASS" signature="testAruba()[pri:0, instance:com.wildstartech.wfa.country.TestCountryFactory@3d24753a]" name="testAruba" duration-ms="0" started-at="2015-12-24T00:35:14Z" finished-at="2015-12-24T00:35:14Z">
          <reporter-output>
          </reporter-output>
        </test-method> <!-- testAruba -->
        <test-method status="PASS" signature="testAntiguaAndBarbuda()[pri:0, instance:com.wildstartech.wfa.country.TestCountryFactory@3d24753a]" name="testAntiguaAndBarbuda" duration-ms="0" started-at="2015-12-24T00:35:14Z" finished-at="2015-12-24T00:35:14Z">
          <reporter-output>
          </reporter-output>
        </test-method> <!-- testAntiguaAndBarbuda -->
        <test-method status="PASS" signature="testBangladesh()[pri:0, instance:com.wildstartech.wfa.country.TestCountryFactory@3d24753a]" name="testBangladesh" duration-ms="0" started-at="2015-12-24T00:35:14Z" finished-at="2015-12-24T00:35:14Z">
          <reporter-output>
          </reporter-output>
        </test-method> <!-- testBangladesh -->
        <test-method status="PASS" signature="testBarbados()[pri:0, instance:com.wildstartech.wfa.country.TestCountryFactory@3d24753a]" name="testBarbados" duration-ms="1" started-at="2015-12-24T00:35:14Z" finished-at="2015-12-24T00:35:14Z">
          <reporter-output>
          </reporter-output>
        </test-method> <!-- testBarbados -->
        <test-method status="PASS" signature="testAzerbaijan()[pri:0, instance:com.wildstartech.wfa.country.TestCountryFactory@3d24753a]" name="testAzerbaijan" duration-ms="0" started-at="2015-12-24T00:35:14Z" finished-at="2015-12-24T00:35:14Z">
          <reporter-output>
          </reporter-output>
        </test-method> <!-- testAzerbaijan -->
        <test-method status="PASS" signature="testBahamas()[pri:0, instance:com.wildstartech.wfa.country.TestCountryFactory@3d24753a]" name="testBahamas" duration-ms="0" started-at="2015-12-24T00:35:14Z" finished-at="2015-12-24T00:35:14Z">
          <reporter-output>
          </reporter-output>
        </test-method> <!-- testBahamas -->
        <test-method status="PASS" signature="testBahrain()[pri:0, instance:com.wildstartech.wfa.country.TestCountryFactory@3d24753a]" name="testBahrain" duration-ms="0" started-at="2015-12-24T00:35:14Z" finished-at="2015-12-24T00:35:14Z">
          <reporter-output>
          </reporter-output>
        </test-method> <!-- testBahrain -->
        <test-method status="PASS" signature="testBelize()[pri:0, instance:com.wildstartech.wfa.country.TestCountryFactory@3d24753a]" name="testBelize" duration-ms="0" started-at="2015-12-24T00:35:14Z" finished-at="2015-12-24T00:35:14Z">
          <reporter-output>
          </reporter-output>
        </test-method> <!-- testBelize -->
        <test-method status="PASS" signature="testBenin()[pri:0, instance:com.wildstartech.wfa.country.TestCountryFactory@3d24753a]" name="testBenin" duration-ms="3" started-at="2015-12-24T00:35:14Z" finished-at="2015-12-24T00:35:14Z">
          <reporter-output>
          </reporter-output>
        </test-method> <!-- testBenin -->
        <test-method status="PASS" signature="testBelgium()[pri:0, instance:com.wildstartech.wfa.country.TestCountryFactory@3d24753a]" name="testBelgium" duration-ms="0" started-at="2015-12-24T00:35:14Z" finished-at="2015-12-24T00:35:14Z">
          <reporter-output>
          </reporter-output>
        </test-method> <!-- testBelgium -->
        <test-method status="PASS" signature="testBelarus()[pri:0, instance:com.wildstartech.wfa.country.TestCountryFactory@3d24753a]" name="testBelarus" duration-ms="0" started-at="2015-12-24T00:35:14Z" finished-at="2015-12-24T00:35:14Z">
          <reporter-output>
          </reporter-output>
        </test-method> <!-- testBelarus -->
        <test-method status="PASS" signature="testBosniaAndHerzegovina()[pri:0, instance:com.wildstartech.wfa.country.TestCountryFactory@3d24753a]" name="testBosniaAndHerzegovina" duration-ms="1" started-at="2015-12-24T00:35:14Z" finished-at="2015-12-24T00:35:14Z">
          <reporter-output>
          </reporter-output>
        </test-method> <!-- testBosniaAndHerzegovina -->
        <test-method status="PASS" signature="testBoliviaPlurinationalStateOf()[pri:0, instance:com.wildstartech.wfa.country.TestCountryFactory@3d24753a]" name="testBoliviaPlurinationalStateOf" duration-ms="0" started-at="2015-12-24T00:35:14Z" finished-at="2015-12-24T00:35:14Z">
          <reporter-output>
          </reporter-output>
        </test-method> <!-- testBoliviaPlurinationalStateOf -->
        <test-method status="PASS" signature="testBermuda()[pri:0, instance:com.wildstartech.wfa.country.TestCountryFactory@3d24753a]" name="testBermuda" duration-ms="0" started-at="2015-12-24T00:35:14Z" finished-at="2015-12-24T00:35:14Z">
          <reporter-output>
          </reporter-output>
        </test-method> <!-- testBermuda -->
        <test-method status="PASS" signature="testBhutan()[pri:0, instance:com.wildstartech.wfa.country.TestCountryFactory@3d24753a]" name="testBhutan" duration-ms="0" started-at="2015-12-24T00:35:14Z" finished-at="2015-12-24T00:35:14Z">
          <reporter-output>
          </reporter-output>
        </test-method> <!-- testBhutan -->
        <test-method status="PASS" signature="testBritishIndianOceanTerritory()[pri:0, instance:com.wildstartech.wfa.country.TestCountryFactory@3d24753a]" name="testBritishIndianOceanTerritory" duration-ms="0" started-at="2015-12-24T00:35:14Z" finished-at="2015-12-24T00:35:14Z">
          <reporter-output>
          </reporter-output>
        </test-method> <!-- testBritishIndianOceanTerritory -->
        <test-method status="PASS" signature="testBouvetIsland()[pri:0, instance:com.wildstartech.wfa.country.TestCountryFactory@3d24753a]" name="testBouvetIsland" duration-ms="0" started-at="2015-12-24T00:35:14Z" finished-at="2015-12-24T00:35:14Z">
          <reporter-output>
          </reporter-output>
        </test-method> <!-- testBouvetIsland -->
        <test-method status="PASS" signature="testBrazil()[pri:0, instance:com.wildstartech.wfa.country.TestCountryFactory@3d24753a]" name="testBrazil" duration-ms="0" started-at="2015-12-24T00:35:14Z" finished-at="2015-12-24T00:35:14Z">
          <reporter-output>
          </reporter-output>
        </test-method> <!-- testBrazil -->
        <test-method status="PASS" signature="testBotswana()[pri:0, instance:com.wildstartech.wfa.country.TestCountryFactory@3d24753a]" name="testBotswana" duration-ms="0" started-at="2015-12-24T00:35:14Z" finished-at="2015-12-24T00:35:14Z">
          <reporter-output>
          </reporter-output>
        </test-method> <!-- testBotswana -->
        <test-method status="PASS" signature="testBurundi()[pri:0, instance:com.wildstartech.wfa.country.TestCountryFactory@3d24753a]" name="testBurundi" duration-ms="0" started-at="2015-12-24T00:35:14Z" finished-at="2015-12-24T00:35:14Z">
          <reporter-output>
          </reporter-output>
        </test-method> <!-- testBurundi -->
        <test-method status="PASS" signature="testCambodia()[pri:0, instance:com.wildstartech.wfa.country.TestCountryFactory@3d24753a]" name="testCambodia" duration-ms="0" started-at="2015-12-24T00:35:14Z" finished-at="2015-12-24T00:35:14Z">
          <reporter-output>
          </reporter-output>
        </test-method> <!-- testCambodia -->
        <test-method status="PASS" signature="testCameroon()[pri:0, instance:com.wildstartech.wfa.country.TestCountryFactory@3d24753a]" name="testCameroon" duration-ms="1" started-at="2015-12-24T00:35:14Z" finished-at="2015-12-24T00:35:14Z">
          <reporter-output>
          </reporter-output>
        </test-method> <!-- testCameroon -->
        <test-method status="PASS" signature="testBulgaria()[pri:0, instance:com.wildstartech.wfa.country.TestCountryFactory@3d24753a]" name="testBulgaria" duration-ms="0" started-at="2015-12-24T00:35:14Z" finished-at="2015-12-24T00:35:14Z">
          <reporter-output>
          </reporter-output>
        </test-method> <!-- testBulgaria -->
        <test-method status="PASS" signature="testBurkinaFaso()[pri:0, instance:com.wildstartech.wfa.country.TestCountryFactory@3d24753a]" name="testBurkinaFaso" duration-ms="0" started-at="2015-12-24T00:35:14Z" finished-at="2015-12-24T00:35:14Z">
          <reporter-output>
          </reporter-output>
        </test-method> <!-- testBurkinaFaso -->
        <test-method status="PASS" signature="testBruneiDarussalam()[pri:0, instance:com.wildstartech.wfa.country.TestCountryFactory@3d24753a]" name="testBruneiDarussalam" duration-ms="0" started-at="2015-12-24T00:35:14Z" finished-at="2015-12-24T00:35:14Z">
          <reporter-output>
          </reporter-output>
        </test-method> <!-- testBruneiDarussalam -->
        <test-method status="PASS" signature="testCapeVerde()[pri:0, instance:com.wildstartech.wfa.country.TestCountryFactory@3d24753a]" name="testCapeVerde" duration-ms="0" started-at="2015-12-24T00:35:14Z" finished-at="2015-12-24T00:35:14Z">
          <reporter-output>
          </reporter-output>
        </test-method> <!-- testCapeVerde -->
        <test-method status="PASS" signature="testCanada()[pri:0, instance:com.wildstartech.wfa.country.TestCountryFactory@3d24753a]" name="testCanada" duration-ms="0" started-at="2015-12-24T00:35:14Z" finished-at="2015-12-24T00:35:14Z">
          <reporter-output>
          </reporter-output>
        </test-method> <!-- testCanada -->
        <test-method status="PASS" signature="testCentralAfricanRepublic()[pri:0, instance:com.wildstartech.wfa.country.TestCountryFactory@3d24753a]" name="testCentralAfricanRepublic" duration-ms="1" started-at="2015-12-24T00:35:14Z" finished-at="2015-12-24T00:35:14Z">
          <reporter-output>
          </reporter-output>
        </test-method> <!-- testCentralAfricanRepublic -->
        <test-method status="PASS" signature="testCaymanIslands()[pri:0, instance:com.wildstartech.wfa.country.TestCountryFactory@3d24753a]" name="testCaymanIslands" duration-ms="0" started-at="2015-12-24T00:35:14Z" finished-at="2015-12-24T00:35:14Z">
          <reporter-output>
          </reporter-output>
        </test-method> <!-- testCaymanIslands -->
        <test-method status="PASS" signature="testChile()[pri:0, instance:com.wildstartech.wfa.country.TestCountryFactory@3d24753a]" name="testChile" duration-ms="0" started-at="2015-12-24T00:35:14Z" finished-at="2015-12-24T00:35:14Z">
          <reporter-output>
          </reporter-output>
        </test-method> <!-- testChile -->
        <test-method status="PASS" signature="testChina()[pri:0, instance:com.wildstartech.wfa.country.TestCountryFactory@3d24753a]" name="testChina" duration-ms="0" started-at="2015-12-24T00:35:14Z" finished-at="2015-12-24T00:35:14Z">
          <reporter-output>
          </reporter-output>
        </test-method> <!-- testChina -->
        <test-method status="PASS" signature="testChad()[pri:0, instance:com.wildstartech.wfa.country.TestCountryFactory@3d24753a]" name="testChad" duration-ms="0" started-at="2015-12-24T00:35:14Z" finished-at="2015-12-24T00:35:14Z">
          <reporter-output>
          </reporter-output>
        </test-method> <!-- testChad -->
        <test-method status="PASS" signature="testCocosKeelingIslands()[pri:0, instance:com.wildstartech.wfa.country.TestCountryFactory@3d24753a]" name="testCocosKeelingIslands" duration-ms="1" started-at="2015-12-24T00:35:14Z" finished-at="2015-12-24T00:35:14Z">
          <reporter-output>
          </reporter-output>
        </test-method> <!-- testCocosKeelingIslands -->
        <test-method status="PASS" signature="testChristmasIsland()[pri:0, instance:com.wildstartech.wfa.country.TestCountryFactory@3d24753a]" name="testChristmasIsland" duration-ms="0" started-at="2015-12-24T00:35:14Z" finished-at="2015-12-24T00:35:14Z">
          <reporter-output>
          </reporter-output>
        </test-method> <!-- testChristmasIsland -->
        <test-method status="PASS" signature="testCongoTheDemocraticRepublicOfThe()[pri:0, instance:com.wildstartech.wfa.country.TestCountryFactory@3d24753a]" name="testCongoTheDemocraticRepublicOfThe" duration-ms="0" started-at="2015-12-24T00:35:14Z" finished-at="2015-12-24T00:35:14Z">
          <reporter-output>
          </reporter-output>
        </test-method> <!-- testCongoTheDemocraticRepublicOfThe -->
        <test-method status="PASS" signature="testCongo()[pri:0, instance:com.wildstartech.wfa.country.TestCountryFactory@3d24753a]" name="testCongo" duration-ms="0" started-at="2015-12-24T00:35:14Z" finished-at="2015-12-24T00:35:14Z">
          <reporter-output>
          </reporter-output>
        </test-method> <!-- testCongo -->
        <test-method status="PASS" signature="testComoros()[pri:0, instance:com.wildstartech.wfa.country.TestCountryFactory@3d24753a]" name="testComoros" duration-ms="0" started-at="2015-12-24T00:35:14Z" finished-at="2015-12-24T00:35:14Z">
          <reporter-output>
          </reporter-output>
        </test-method> <!-- testComoros -->
        <test-method status="PASS" signature="testColombia()[pri:0, instance:com.wildstartech.wfa.country.TestCountryFactory@3d24753a]" name="testColombia" duration-ms="0" started-at="2015-12-24T00:35:14Z" finished-at="2015-12-24T00:35:14Z">
          <reporter-output>
          </reporter-output>
        </test-method> <!-- testColombia -->
        <test-method status="PASS" signature="testCookIslands()[pri:0, instance:com.wildstartech.wfa.country.TestCountryFactory@3d24753a]" name="testCookIslands" duration-ms="0" started-at="2015-12-24T00:35:14Z" finished-at="2015-12-24T00:35:14Z">
          <reporter-output>
          </reporter-output>
        </test-method> <!-- testCookIslands -->
        <test-method status="PASS" signature="testCroatia()[pri:0, instance:com.wildstartech.wfa.country.TestCountryFactory@3d24753a]" name="testCroatia" duration-ms="1" started-at="2015-12-24T00:35:14Z" finished-at="2015-12-24T00:35:14Z">
          <reporter-output>
          </reporter-output>
        </test-method> <!-- testCroatia -->
        <test-method status="PASS" signature="testCostaRica()[pri:0, instance:com.wildstartech.wfa.country.TestCountryFactory@3d24753a]" name="testCostaRica" duration-ms="0" started-at="2015-12-24T00:35:14Z" finished-at="2015-12-24T00:35:14Z">
          <reporter-output>
          </reporter-output>
        </test-method> <!-- testCostaRica -->
        <test-method status="PASS" signature="testCoteDIvoire()[pri:0, instance:com.wildstartech.wfa.country.TestCountryFactory@3d24753a]" name="testCoteDIvoire" duration-ms="0" started-at="2015-12-24T00:35:14Z" finished-at="2015-12-24T00:35:14Z">
          <reporter-output>
          </reporter-output>
        </test-method> <!-- testCoteDIvoire -->
        <test-method status="PASS" signature="testCuba()[pri:0, instance:com.wildstartech.wfa.country.TestCountryFactory@3d24753a]" name="testCuba" duration-ms="0" started-at="2015-12-24T00:35:14Z" finished-at="2015-12-24T00:35:14Z">
          <reporter-output>
          </reporter-output>
        </test-method> <!-- testCuba -->
        <test-method status="PASS" signature="testDenmark()[pri:0, instance:com.wildstartech.wfa.country.TestCountryFactory@3d24753a]" name="testDenmark" duration-ms="0" started-at="2015-12-24T00:35:14Z" finished-at="2015-12-24T00:35:14Z">
          <reporter-output>
          </reporter-output>
        </test-method> <!-- testDenmark -->
        <test-method status="PASS" signature="testDominicanRepublic()[pri:0, instance:com.wildstartech.wfa.country.TestCountryFactory@3d24753a]" name="testDominicanRepublic" duration-ms="0" started-at="2015-12-24T00:35:14Z" finished-at="2015-12-24T00:35:14Z">
          <reporter-output>
          </reporter-output>
        </test-method> <!-- testDominicanRepublic -->
        <test-method status="PASS" signature="testCyprus()[pri:0, instance:com.wildstartech.wfa.country.TestCountryFactory@3d24753a]" name="testCyprus" duration-ms="0" started-at="2015-12-24T00:35:14Z" finished-at="2015-12-24T00:35:14Z">
          <reporter-output>
          </reporter-output>
        </test-method> <!-- testCyprus -->
        <test-method status="PASS" signature="testCzechRepublic()[pri:0, instance:com.wildstartech.wfa.country.TestCountryFactory@3d24753a]" name="testCzechRepublic" duration-ms="0" started-at="2015-12-24T00:35:14Z" finished-at="2015-12-24T00:35:14Z">
          <reporter-output>
          </reporter-output>
        </test-method> <!-- testCzechRepublic -->
        <test-method status="PASS" signature="testDominica()[pri:0, instance:com.wildstartech.wfa.country.TestCountryFactory@3d24753a]" name="testDominica" duration-ms="0" started-at="2015-12-24T00:35:14Z" finished-at="2015-12-24T00:35:14Z">
          <reporter-output>
          </reporter-output>
        </test-method> <!-- testDominica -->
        <test-method status="PASS" signature="testDjibouti()[pri:0, instance:com.wildstartech.wfa.country.TestCountryFactory@3d24753a]" name="testDjibouti" duration-ms="0" started-at="2015-12-24T00:35:14Z" finished-at="2015-12-24T00:35:14Z">
          <reporter-output>
          </reporter-output>
        </test-method> <!-- testDjibouti -->
        <test-method status="PASS" signature="testEgypt()[pri:0, instance:com.wildstartech.wfa.country.TestCountryFactory@3d24753a]" name="testEgypt" duration-ms="0" started-at="2015-12-24T00:35:14Z" finished-at="2015-12-24T00:35:14Z">
          <reporter-output>
          </reporter-output>
        </test-method> <!-- testEgypt -->
        <test-method status="PASS" signature="testElSalvador()[pri:0, instance:com.wildstartech.wfa.country.TestCountryFactory@3d24753a]" name="testElSalvador" duration-ms="0" started-at="2015-12-24T00:35:14Z" finished-at="2015-12-24T00:35:14Z">
          <reporter-output>
          </reporter-output>
        </test-method> <!-- testElSalvador -->
        <test-method status="PASS" signature="testEritrea()[pri:0, instance:com.wildstartech.wfa.country.TestCountryFactory@3d24753a]" name="testEritrea" duration-ms="0" started-at="2015-12-24T00:35:14Z" finished-at="2015-12-24T00:35:14Z">
          <reporter-output>
          </reporter-output>
        </test-method> <!-- testEritrea -->
        <test-method status="PASS" signature="testEquatorialGuinea()[pri:0, instance:com.wildstartech.wfa.country.TestCountryFactory@3d24753a]" name="testEquatorialGuinea" duration-ms="0" started-at="2015-12-24T00:35:14Z" finished-at="2015-12-24T00:35:14Z">
          <reporter-output>
          </reporter-output>
        </test-method> <!-- testEquatorialGuinea -->
        <test-method status="PASS" signature="testEcuador()[pri:0, instance:com.wildstartech.wfa.country.TestCountryFactory@3d24753a]" name="testEcuador" duration-ms="0" started-at="2015-12-24T00:35:14Z" finished-at="2015-12-24T00:35:14Z">
          <reporter-output>
          </reporter-output>
        </test-method> <!-- testEcuador -->
        <test-method status="PASS" signature="testFiji()[pri:0, instance:com.wildstartech.wfa.country.TestCountryFactory@3d24753a]" name="testFiji" duration-ms="0" started-at="2015-12-24T00:35:14Z" finished-at="2015-12-24T00:35:14Z">
          <reporter-output>
          </reporter-output>
        </test-method> <!-- testFiji -->
        <test-method status="PASS" signature="testFaroeIslands()[pri:0, instance:com.wildstartech.wfa.country.TestCountryFactory@3d24753a]" name="testFaroeIslands" duration-ms="0" started-at="2015-12-24T00:35:14Z" finished-at="2015-12-24T00:35:14Z">
          <reporter-output>
          </reporter-output>
        </test-method> <!-- testFaroeIslands -->
        <test-method status="PASS" signature="testFalklandIslandsMalvinas()[pri:0, instance:com.wildstartech.wfa.country.TestCountryFactory@3d24753a]" name="testFalklandIslandsMalvinas" duration-ms="0" started-at="2015-12-24T00:35:14Z" finished-at="2015-12-24T00:35:14Z">
          <reporter-output>
          </reporter-output>
        </test-method> <!-- testFalklandIslandsMalvinas -->
        <test-method status="PASS" signature="testEstonia()[pri:0, instance:com.wildstartech.wfa.country.TestCountryFactory@3d24753a]" name="testEstonia" duration-ms="0" started-at="2015-12-24T00:35:14Z" finished-at="2015-12-24T00:35:14Z">
          <reporter-output>
          </reporter-output>
        </test-method> <!-- testEstonia -->
        <test-method status="PASS" signature="testEthiopia()[pri:0, instance:com.wildstartech.wfa.country.TestCountryFactory@3d24753a]" name="testEthiopia" duration-ms="0" started-at="2015-12-24T00:35:14Z" finished-at="2015-12-24T00:35:14Z">
          <reporter-output>
          </reporter-output>
        </test-method> <!-- testEthiopia -->
        <test-method status="PASS" signature="testGabon()[pri:0, instance:com.wildstartech.wfa.country.TestCountryFactory@3d24753a]" name="testGabon" duration-ms="1" started-at="2015-12-24T00:35:14Z" finished-at="2015-12-24T00:35:14Z">
          <reporter-output>
          </reporter-output>
        </test-method> <!-- testGabon -->
        <test-method status="PASS" signature="testFrenchPolynesia()[pri:0, instance:com.wildstartech.wfa.country.TestCountryFactory@3d24753a]" name="testFrenchPolynesia" duration-ms="0" started-at="2015-12-24T00:35:14Z" finished-at="2015-12-24T00:35:14Z">
          <reporter-output>
          </reporter-output>
        </test-method> <!-- testFrenchPolynesia -->
        <test-method status="PASS" signature="testFrenchGuiana()[pri:0, instance:com.wildstartech.wfa.country.TestCountryFactory@3d24753a]" name="testFrenchGuiana" duration-ms="0" started-at="2015-12-24T00:35:14Z" finished-at="2015-12-24T00:35:14Z">
          <reporter-output>
          </reporter-output>
        </test-method> <!-- testFrenchGuiana -->
        <test-method status="PASS" signature="testFrenchSouthernTerritories()[pri:0, instance:com.wildstartech.wfa.country.TestCountryFactory@3d24753a]" name="testFrenchSouthernTerritories" duration-ms="0" started-at="2015-12-24T00:35:14Z" finished-at="2015-12-24T00:35:14Z">
          <reporter-output>
          </reporter-output>
        </test-method> <!-- testFrenchSouthernTerritories -->
        <test-method status="PASS" signature="testFinland()[pri:0, instance:com.wildstartech.wfa.country.TestCountryFactory@3d24753a]" name="testFinland" duration-ms="0" started-at="2015-12-24T00:35:14Z" finished-at="2015-12-24T00:35:14Z">
          <reporter-output>
          </reporter-output>
        </test-method> <!-- testFinland -->
        <test-method status="PASS" signature="testFrance()[pri:0, instance:com.wildstartech.wfa.country.TestCountryFactory@3d24753a]" name="testFrance" duration-ms="0" started-at="2015-12-24T00:35:14Z" finished-at="2015-12-24T00:35:14Z">
          <reporter-output>
          </reporter-output>
        </test-method> <!-- testFrance -->
        <test-method status="PASS" signature="testGhana()[pri:0, instance:com.wildstartech.wfa.country.TestCountryFactory@3d24753a]" name="testGhana" duration-ms="0" started-at="2015-12-24T00:35:14Z" finished-at="2015-12-24T00:35:14Z">
          <reporter-output>
          </reporter-output>
        </test-method> <!-- testGhana -->
        <test-method status="PASS" signature="testGreece()[pri:0, instance:com.wildstartech.wfa.country.TestCountryFactory@3d24753a]" name="testGreece" duration-ms="0" started-at="2015-12-24T00:35:14Z" finished-at="2015-12-24T00:35:14Z">
          <reporter-output>
          </reporter-output>
        </test-method> <!-- testGreece -->
        <test-method status="PASS" signature="testGermany()[pri:0, instance:com.wildstartech.wfa.country.TestCountryFactory@3d24753a]" name="testGermany" duration-ms="0" started-at="2015-12-24T00:35:14Z" finished-at="2015-12-24T00:35:14Z">
          <reporter-output>
          </reporter-output>
        </test-method> <!-- testGermany -->
        <test-method status="PASS" signature="testGeorgia()[pri:0, instance:com.wildstartech.wfa.country.TestCountryFactory@3d24753a]" name="testGeorgia" duration-ms="0" started-at="2015-12-24T00:35:14Z" finished-at="2015-12-24T00:35:14Z">
          <reporter-output>
          </reporter-output>
        </test-method> <!-- testGeorgia -->
        <test-method status="PASS" signature="testGibraltar()[pri:0, instance:com.wildstartech.wfa.country.TestCountryFactory@3d24753a]" name="testGibraltar" duration-ms="0" started-at="2015-12-24T00:35:14Z" finished-at="2015-12-24T00:35:14Z">
          <reporter-output>
          </reporter-output>
        </test-method> <!-- testGibraltar -->
        <test-method status="PASS" signature="testGambia()[pri:0, instance:com.wildstartech.wfa.country.TestCountryFactory@3d24753a]" name="testGambia" duration-ms="0" started-at="2015-12-24T00:35:14Z" finished-at="2015-12-24T00:35:14Z">
          <reporter-output>
          </reporter-output>
        </test-method> <!-- testGambia -->
        <test-method status="PASS" signature="testGuatemala()[pri:0, instance:com.wildstartech.wfa.country.TestCountryFactory@3d24753a]" name="testGuatemala" duration-ms="0" started-at="2015-12-24T00:35:14Z" finished-at="2015-12-24T00:35:14Z">
          <reporter-output>
          </reporter-output>
        </test-method> <!-- testGuatemala -->
        <test-method status="PASS" signature="testGuam()[pri:0, instance:com.wildstartech.wfa.country.TestCountryFactory@3d24753a]" name="testGuam" duration-ms="0" started-at="2015-12-24T00:35:14Z" finished-at="2015-12-24T00:35:14Z">
          <reporter-output>
          </reporter-output>
        </test-method> <!-- testGuam -->
        <test-method status="PASS" signature="testGuadeloupe()[pri:0, instance:com.wildstartech.wfa.country.TestCountryFactory@3d24753a]" name="testGuadeloupe" duration-ms="0" started-at="2015-12-24T00:35:14Z" finished-at="2015-12-24T00:35:14Z">
          <reporter-output>
          </reporter-output>
        </test-method> <!-- testGuadeloupe -->
        <test-method status="PASS" signature="testGrenada()[pri:0, instance:com.wildstartech.wfa.country.TestCountryFactory@3d24753a]" name="testGrenada" duration-ms="0" started-at="2015-12-24T00:35:14Z" finished-at="2015-12-24T00:35:14Z">
          <reporter-output>
          </reporter-output>
        </test-method> <!-- testGrenada -->
        <test-method status="PASS" signature="testGreenland()[pri:0, instance:com.wildstartech.wfa.country.TestCountryFactory@3d24753a]" name="testGreenland" duration-ms="0" started-at="2015-12-24T00:35:14Z" finished-at="2015-12-24T00:35:14Z">
          <reporter-output>
          </reporter-output>
        </test-method> <!-- testGreenland -->
        <test-method status="PASS" signature="testGuernsey()[pri:0, instance:com.wildstartech.wfa.country.TestCountryFactory@3d24753a]" name="testGuernsey" duration-ms="1" started-at="2015-12-24T00:35:14Z" finished-at="2015-12-24T00:35:14Z">
          <reporter-output>
          </reporter-output>
        </test-method> <!-- testGuernsey -->
        <test-method status="PASS" signature="testHeardIslandAndMcdonaldIslands()[pri:0, instance:com.wildstartech.wfa.country.TestCountryFactory@3d24753a]" name="testHeardIslandAndMcdonaldIslands" duration-ms="0" started-at="2015-12-24T00:35:14Z" finished-at="2015-12-24T00:35:14Z">
          <reporter-output>
          </reporter-output>
        </test-method> <!-- testHeardIslandAndMcdonaldIslands -->
        <test-method status="PASS" signature="testGuineaBissau()[pri:0, instance:com.wildstartech.wfa.country.TestCountryFactory@3d24753a]" name="testGuineaBissau" duration-ms="0" started-at="2015-12-24T00:35:14Z" finished-at="2015-12-24T00:35:14Z">
          <reporter-output>
          </reporter-output>
        </test-method> <!-- testGuineaBissau -->
        <test-method status="PASS" signature="testHaiti()[pri:0, instance:com.wildstartech.wfa.country.TestCountryFactory@3d24753a]" name="testHaiti" duration-ms="0" started-at="2015-12-24T00:35:14Z" finished-at="2015-12-24T00:35:14Z">
          <reporter-output>
          </reporter-output>
        </test-method> <!-- testHaiti -->
        <test-method status="PASS" signature="testGuinea()[pri:0, instance:com.wildstartech.wfa.country.TestCountryFactory@3d24753a]" name="testGuinea" duration-ms="0" started-at="2015-12-24T00:35:14Z" finished-at="2015-12-24T00:35:14Z">
          <reporter-output>
          </reporter-output>
        </test-method> <!-- testGuinea -->
        <test-method status="PASS" signature="testHolySeeVaticanCityState()[pri:0, instance:com.wildstartech.wfa.country.TestCountryFactory@3d24753a]" name="testHolySeeVaticanCityState" duration-ms="1" started-at="2015-12-24T00:35:14Z" finished-at="2015-12-24T00:35:14Z">
          <reporter-output>
          </reporter-output>
        </test-method> <!-- testHolySeeVaticanCityState -->
        <test-method status="PASS" signature="testGuyana()[pri:0, instance:com.wildstartech.wfa.country.TestCountryFactory@3d24753a]" name="testGuyana" duration-ms="0" started-at="2015-12-24T00:35:14Z" finished-at="2015-12-24T00:35:14Z">
          <reporter-output>
          </reporter-output>
        </test-method> <!-- testGuyana -->
        <test-method status="PASS" signature="testHonduras()[pri:0, instance:com.wildstartech.wfa.country.TestCountryFactory@3d24753a]" name="testHonduras" duration-ms="0" started-at="2015-12-24T00:35:14Z" finished-at="2015-12-24T00:35:14Z">
          <reporter-output>
          </reporter-output>
        </test-method> <!-- testHonduras -->
        <test-method status="PASS" signature="testHongKong()[pri:0, instance:com.wildstartech.wfa.country.TestCountryFactory@3d24753a]" name="testHongKong" duration-ms="0" started-at="2015-12-24T00:35:14Z" finished-at="2015-12-24T00:35:14Z">
          <reporter-output>
          </reporter-output>
        </test-method> <!-- testHongKong -->
        <test-method status="PASS" signature="testIndia()[pri:0, instance:com.wildstartech.wfa.country.TestCountryFactory@3d24753a]" name="testIndia" duration-ms="0" started-at="2015-12-24T00:35:14Z" finished-at="2015-12-24T00:35:14Z">
          <reporter-output>
          </reporter-output>
        </test-method> <!-- testIndia -->
        <test-method status="PASS" signature="testIndonesia()[pri:0, instance:com.wildstartech.wfa.country.TestCountryFactory@3d24753a]" name="testIndonesia" duration-ms="1" started-at="2015-12-24T00:35:14Z" finished-at="2015-12-24T00:35:14Z">
          <reporter-output>
          </reporter-output>
        </test-method> <!-- testIndonesia -->
        <test-method status="PASS" signature="testIceland()[pri:0, instance:com.wildstartech.wfa.country.TestCountryFactory@3d24753a]" name="testIceland" duration-ms="0" started-at="2015-12-24T00:35:14Z" finished-at="2015-12-24T00:35:14Z">
          <reporter-output>
          </reporter-output>
        </test-method> <!-- testIceland -->
        <test-method status="PASS" signature="testHungary()[pri:0, instance:com.wildstartech.wfa.country.TestCountryFactory@3d24753a]" name="testHungary" duration-ms="0" started-at="2015-12-24T00:35:14Z" finished-at="2015-12-24T00:35:14Z">
          <reporter-output>
          </reporter-output>
        </test-method> <!-- testHungary -->
        <test-method status="PASS" signature="testIsrael()[pri:0, instance:com.wildstartech.wfa.country.TestCountryFactory@3d24753a]" name="testIsrael" duration-ms="1" started-at="2015-12-24T00:35:14Z" finished-at="2015-12-24T00:35:14Z">
          <reporter-output>
          </reporter-output>
        </test-method> <!-- testIsrael -->
        <test-method status="PASS" signature="testIranIslamicRepublicOf()[pri:0, instance:com.wildstartech.wfa.country.TestCountryFactory@3d24753a]" name="testIranIslamicRepublicOf" duration-ms="0" started-at="2015-12-24T00:35:14Z" finished-at="2015-12-24T00:35:14Z">
          <reporter-output>
          </reporter-output>
        </test-method> <!-- testIranIslamicRepublicOf -->
        <test-method status="PASS" signature="testIsleOfMan()[pri:0, instance:com.wildstartech.wfa.country.TestCountryFactory@3d24753a]" name="testIsleOfMan" duration-ms="0" started-at="2015-12-24T00:35:14Z" finished-at="2015-12-24T00:35:14Z">
          <reporter-output>
          </reporter-output>
        </test-method> <!-- testIsleOfMan -->
        <test-method status="PASS" signature="testIreland()[pri:0, instance:com.wildstartech.wfa.country.TestCountryFactory@3d24753a]" name="testIreland" duration-ms="0" started-at="2015-12-24T00:35:14Z" finished-at="2015-12-24T00:35:14Z">
          <reporter-output>
          </reporter-output>
        </test-method> <!-- testIreland -->
        <test-method status="PASS" signature="testIraq()[pri:0, instance:com.wildstartech.wfa.country.TestCountryFactory@3d24753a]" name="testIraq" duration-ms="0" started-at="2015-12-24T00:35:14Z" finished-at="2015-12-24T00:35:14Z">
          <reporter-output>
          </reporter-output>
        </test-method> <!-- testIraq -->
        <test-method status="PASS" signature="testJapan()[pri:0, instance:com.wildstartech.wfa.country.TestCountryFactory@3d24753a]" name="testJapan" duration-ms="0" started-at="2015-12-24T00:35:14Z" finished-at="2015-12-24T00:35:14Z">
          <reporter-output>
          </reporter-output>
        </test-method> <!-- testJapan -->
        <test-method status="PASS" signature="testJersey()[pri:0, instance:com.wildstartech.wfa.country.TestCountryFactory@3d24753a]" name="testJersey" duration-ms="0" started-at="2015-12-24T00:35:14Z" finished-at="2015-12-24T00:35:14Z">
          <reporter-output>
          </reporter-output>
        </test-method> <!-- testJersey -->
        <test-method status="PASS" signature="testJordan()[pri:0, instance:com.wildstartech.wfa.country.TestCountryFactory@3d24753a]" name="testJordan" duration-ms="0" started-at="2015-12-24T00:35:14Z" finished-at="2015-12-24T00:35:14Z">
          <reporter-output>
          </reporter-output>
        </test-method> <!-- testJordan -->
        <test-method status="PASS" signature="testItaly()[pri:0, instance:com.wildstartech.wfa.country.TestCountryFactory@3d24753a]" name="testItaly" duration-ms="0" started-at="2015-12-24T00:35:14Z" finished-at="2015-12-24T00:35:14Z">
          <reporter-output>
          </reporter-output>
        </test-method> <!-- testItaly -->
        <test-method status="PASS" signature="testJamaica()[pri:0, instance:com.wildstartech.wfa.country.TestCountryFactory@3d24753a]" name="testJamaica" duration-ms="0" started-at="2015-12-24T00:35:14Z" finished-at="2015-12-24T00:35:14Z">
          <reporter-output>
          </reporter-output>
        </test-method> <!-- testJamaica -->
        <test-method status="PASS" signature="testKazakhstan()[pri:0, instance:com.wildstartech.wfa.country.TestCountryFactory@3d24753a]" name="testKazakhstan" duration-ms="1" started-at="2015-12-24T00:35:14Z" finished-at="2015-12-24T00:35:14Z">
          <reporter-output>
          </reporter-output>
        </test-method> <!-- testKazakhstan -->
        <test-method status="PASS" signature="testKoreaRepublicOf()[pri:0, instance:com.wildstartech.wfa.country.TestCountryFactory@3d24753a]" name="testKoreaRepublicOf" duration-ms="1" started-at="2015-12-24T00:35:14Z" finished-at="2015-12-24T00:35:14Z">
          <reporter-output>
          </reporter-output>
        </test-method> <!-- testKoreaRepublicOf -->
        <test-method status="PASS" signature="testKoreaDemocraticPeopleSRepublicOf()[pri:0, instance:com.wildstartech.wfa.country.TestCountryFactory@3d24753a]" name="testKoreaDemocraticPeopleSRepublicOf" duration-ms="0" started-at="2015-12-24T00:35:14Z" finished-at="2015-12-24T00:35:14Z">
          <reporter-output>
          </reporter-output>
        </test-method> <!-- testKoreaDemocraticPeopleSRepublicOf -->
        <test-method status="PASS" signature="testKenya()[pri:0, instance:com.wildstartech.wfa.country.TestCountryFactory@3d24753a]" name="testKenya" duration-ms="0" started-at="2015-12-24T00:35:14Z" finished-at="2015-12-24T00:35:14Z">
          <reporter-output>
          </reporter-output>
        </test-method> <!-- testKenya -->
        <test-method status="PASS" signature="testKiribati()[pri:0, instance:com.wildstartech.wfa.country.TestCountryFactory@3d24753a]" name="testKiribati" duration-ms="0" started-at="2015-12-24T00:35:14Z" finished-at="2015-12-24T00:35:14Z">
          <reporter-output>
          </reporter-output>
        </test-method> <!-- testKiribati -->
        <test-method status="PASS" signature="testKuwait()[pri:0, instance:com.wildstartech.wfa.country.TestCountryFactory@3d24753a]" name="testKuwait" duration-ms="0" started-at="2015-12-24T00:35:14Z" finished-at="2015-12-24T00:35:14Z">
          <reporter-output>
          </reporter-output>
        </test-method> <!-- testKuwait -->
        <test-method status="PASS" signature="testKyrgyzstan()[pri:0, instance:com.wildstartech.wfa.country.TestCountryFactory@3d24753a]" name="testKyrgyzstan" duration-ms="0" started-at="2015-12-24T00:35:14Z" finished-at="2015-12-24T00:35:14Z">
          <reporter-output>
          </reporter-output>
        </test-method> <!-- testKyrgyzstan -->
        <test-method status="PASS" signature="testLaoPeopleSDemocraticRepublic()[pri:0, instance:com.wildstartech.wfa.country.TestCountryFactory@3d24753a]" name="testLaoPeopleSDemocraticRepublic" duration-ms="0" started-at="2015-12-24T00:35:14Z" finished-at="2015-12-24T00:35:14Z">
          <reporter-output>
          </reporter-output>
        </test-method> <!-- testLaoPeopleSDemocraticRepublic -->
        <test-method status="PASS" signature="testLebanon()[pri:0, instance:com.wildstartech.wfa.country.TestCountryFactory@3d24753a]" name="testLebanon" duration-ms="0" started-at="2015-12-24T00:35:14Z" finished-at="2015-12-24T00:35:14Z">
          <reporter-output>
          </reporter-output>
        </test-method> <!-- testLebanon -->
        <test-method status="PASS" signature="testLatvia()[pri:0, instance:com.wildstartech.wfa.country.TestCountryFactory@3d24753a]" name="testLatvia" duration-ms="0" started-at="2015-12-24T00:35:14Z" finished-at="2015-12-24T00:35:14Z">
          <reporter-output>
          </reporter-output>
        </test-method> <!-- testLatvia -->
        <test-method status="PASS" signature="testLiberia()[pri:0, instance:com.wildstartech.wfa.country.TestCountryFactory@3d24753a]" name="testLiberia" duration-ms="0" started-at="2015-12-24T00:35:14Z" finished-at="2015-12-24T00:35:14Z">
          <reporter-output>
          </reporter-output>
        </test-method> <!-- testLiberia -->
        <test-method status="PASS" signature="testLesotho()[pri:0, instance:com.wildstartech.wfa.country.TestCountryFactory@3d24753a]" name="testLesotho" duration-ms="0" started-at="2015-12-24T00:35:14Z" finished-at="2015-12-24T00:35:14Z">
          <reporter-output>
          </reporter-output>
        </test-method> <!-- testLesotho -->
        <test-method status="PASS" signature="testLibyanArabJamahiriya()[pri:0, instance:com.wildstartech.wfa.country.TestCountryFactory@3d24753a]" name="testLibyanArabJamahiriya" duration-ms="0" started-at="2015-12-24T00:35:14Z" finished-at="2015-12-24T00:35:14Z">
          <reporter-output>
          </reporter-output>
        </test-method> <!-- testLibyanArabJamahiriya -->
        <test-method status="PASS" signature="testLiechtenstein()[pri:0, instance:com.wildstartech.wfa.country.TestCountryFactory@3d24753a]" name="testLiechtenstein" duration-ms="0" started-at="2015-12-24T00:35:14Z" finished-at="2015-12-24T00:35:14Z">
          <reporter-output>
          </reporter-output>
        </test-method> <!-- testLiechtenstein -->
        <test-method status="PASS" signature="testLuxembourg()[pri:0, instance:com.wildstartech.wfa.country.TestCountryFactory@3d24753a]" name="testLuxembourg" duration-ms="0" started-at="2015-12-24T00:35:14Z" finished-at="2015-12-24T00:35:14Z">
          <reporter-output>
          </reporter-output>
        </test-method> <!-- testLuxembourg -->
        <test-method status="PASS" signature="testMacedoniaTheFormerYugoslavRepublicOf()[pri:0, instance:com.wildstartech.wfa.country.TestCountryFactory@3d24753a]" name="testMacedoniaTheFormerYugoslavRepublicOf" duration-ms="1" started-at="2015-12-24T00:35:14Z" finished-at="2015-12-24T00:35:14Z">
          <reporter-output>
          </reporter-output>
        </test-method> <!-- testMacedoniaTheFormerYugoslavRepublicOf -->
        <test-method status="PASS" signature="testLithuania()[pri:0, instance:com.wildstartech.wfa.country.TestCountryFactory@3d24753a]" name="testLithuania" duration-ms="0" started-at="2015-12-24T00:35:14Z" finished-at="2015-12-24T00:35:14Z">
          <reporter-output>
          </reporter-output>
        </test-method> <!-- testLithuania -->
        <test-method status="PASS" signature="testMacao()[pri:0, instance:com.wildstartech.wfa.country.TestCountryFactory@3d24753a]" name="testMacao" duration-ms="0" started-at="2015-12-24T00:35:14Z" finished-at="2015-12-24T00:35:14Z">
          <reporter-output>
          </reporter-output>
        </test-method> <!-- testMacao -->
        <test-method status="PASS" signature="testMalaysia()[pri:0, instance:com.wildstartech.wfa.country.TestCountryFactory@3d24753a]" name="testMalaysia" duration-ms="0" started-at="2015-12-24T00:35:14Z" finished-at="2015-12-24T00:35:14Z">
          <reporter-output>
          </reporter-output>
        </test-method> <!-- testMalaysia -->
        <test-method status="PASS" signature="testMalawi()[pri:0, instance:com.wildstartech.wfa.country.TestCountryFactory@3d24753a]" name="testMalawi" duration-ms="0" started-at="2015-12-24T00:35:14Z" finished-at="2015-12-24T00:35:14Z">
          <reporter-output>
          </reporter-output>
        </test-method> <!-- testMalawi -->
        <test-method status="PASS" signature="testMadagascar()[pri:0, instance:com.wildstartech.wfa.country.TestCountryFactory@3d24753a]" name="testMadagascar" duration-ms="0" started-at="2015-12-24T00:35:14Z" finished-at="2015-12-24T00:35:14Z">
          <reporter-output>
          </reporter-output>
        </test-method> <!-- testMadagascar -->
        <test-method status="PASS" signature="testMaldives()[pri:0, instance:com.wildstartech.wfa.country.TestCountryFactory@3d24753a]" name="testMaldives" duration-ms="0" started-at="2015-12-24T00:35:14Z" finished-at="2015-12-24T00:35:14Z">
          <reporter-output>
          </reporter-output>
        </test-method> <!-- testMaldives -->
        <test-method status="PASS" signature="testMali()[pri:0, instance:com.wildstartech.wfa.country.TestCountryFactory@3d24753a]" name="testMali" duration-ms="0" started-at="2015-12-24T00:35:14Z" finished-at="2015-12-24T00:35:14Z">
          <reporter-output>
          </reporter-output>
        </test-method> <!-- testMali -->
        <test-method status="PASS" signature="testMartinique()[pri:0, instance:com.wildstartech.wfa.country.TestCountryFactory@3d24753a]" name="testMartinique" duration-ms="1" started-at="2015-12-24T00:35:14Z" finished-at="2015-12-24T00:35:14Z">
          <reporter-output>
          </reporter-output>
        </test-method> <!-- testMartinique -->
        <test-method status="PASS" signature="testMalta()[pri:0, instance:com.wildstartech.wfa.country.TestCountryFactory@3d24753a]" name="testMalta" duration-ms="0" started-at="2015-12-24T00:35:14Z" finished-at="2015-12-24T00:35:14Z">
          <reporter-output>
          </reporter-output>
        </test-method> <!-- testMalta -->
        <test-method status="PASS" signature="testMarshallIslands()[pri:0, instance:com.wildstartech.wfa.country.TestCountryFactory@3d24753a]" name="testMarshallIslands" duration-ms="0" started-at="2015-12-24T00:35:14Z" finished-at="2015-12-24T00:35:14Z">
          <reporter-output>
          </reporter-output>
        </test-method> <!-- testMarshallIslands -->
        <test-method status="PASS" signature="testMicronesiaFederatedStatesOf()[pri:0, instance:com.wildstartech.wfa.country.TestCountryFactory@3d24753a]" name="testMicronesiaFederatedStatesOf" duration-ms="0" started-at="2015-12-24T00:35:14Z" finished-at="2015-12-24T00:35:14Z">
          <reporter-output>
          </reporter-output>
        </test-method> <!-- testMicronesiaFederatedStatesOf -->
        <test-method status="PASS" signature="testMauritania()[pri:0, instance:com.wildstartech.wfa.country.TestCountryFactory@3d24753a]" name="testMauritania" duration-ms="0" started-at="2015-12-24T00:35:14Z" finished-at="2015-12-24T00:35:14Z">
          <reporter-output>
          </reporter-output>
        </test-method> <!-- testMauritania -->
        <test-method status="PASS" signature="testMayotte()[pri:0, instance:com.wildstartech.wfa.country.TestCountryFactory@3d24753a]" name="testMayotte" duration-ms="0" started-at="2015-12-24T00:35:14Z" finished-at="2015-12-24T00:35:14Z">
          <reporter-output>
          </reporter-output>
        </test-method> <!-- testMayotte -->
        <test-method status="PASS" signature="testMexico()[pri:0, instance:com.wildstartech.wfa.country.TestCountryFactory@3d24753a]" name="testMexico" duration-ms="0" started-at="2015-12-24T00:35:14Z" finished-at="2015-12-24T00:35:14Z">
          <reporter-output>
          </reporter-output>
        </test-method> <!-- testMexico -->
        <test-method status="PASS" signature="testMauritius()[pri:0, instance:com.wildstartech.wfa.country.TestCountryFactory@3d24753a]" name="testMauritius" duration-ms="0" started-at="2015-12-24T00:35:14Z" finished-at="2015-12-24T00:35:14Z">
          <reporter-output>
          </reporter-output>
        </test-method> <!-- testMauritius -->
        <test-method status="PASS" signature="testMoldovaRepublicOf()[pri:0, instance:com.wildstartech.wfa.country.TestCountryFactory@3d24753a]" name="testMoldovaRepublicOf" duration-ms="0" started-at="2015-12-24T00:35:14Z" finished-at="2015-12-24T00:35:14Z">
          <reporter-output>
          </reporter-output>
        </test-method> <!-- testMoldovaRepublicOf -->
        <test-method status="PASS" signature="testMongolia()[pri:0, instance:com.wildstartech.wfa.country.TestCountryFactory@3d24753a]" name="testMongolia" duration-ms="0" started-at="2015-12-24T00:35:14Z" finished-at="2015-12-24T00:35:14Z">
          <reporter-output>
          </reporter-output>
        </test-method> <!-- testMongolia -->
        <test-method status="PASS" signature="testMorocco()[pri:0, instance:com.wildstartech.wfa.country.TestCountryFactory@3d24753a]" name="testMorocco" duration-ms="0" started-at="2015-12-24T00:35:14Z" finished-at="2015-12-24T00:35:14Z">
          <reporter-output>
          </reporter-output>
        </test-method> <!-- testMorocco -->
        <test-method status="PASS" signature="testMontenegro()[pri:0, instance:com.wildstartech.wfa.country.TestCountryFactory@3d24753a]" name="testMontenegro" duration-ms="0" started-at="2015-12-24T00:35:14Z" finished-at="2015-12-24T00:35:14Z">
          <reporter-output>
          </reporter-output>
        </test-method> <!-- testMontenegro -->
        <test-method status="PASS" signature="testMonaco()[pri:0, instance:com.wildstartech.wfa.country.TestCountryFactory@3d24753a]" name="testMonaco" duration-ms="0" started-at="2015-12-24T00:35:14Z" finished-at="2015-12-24T00:35:14Z">
          <reporter-output>
          </reporter-output>
        </test-method> <!-- testMonaco -->
        <test-method status="PASS" signature="testMontserrat()[pri:0, instance:com.wildstartech.wfa.country.TestCountryFactory@3d24753a]" name="testMontserrat" duration-ms="0" started-at="2015-12-24T00:35:14Z" finished-at="2015-12-24T00:35:14Z">
          <reporter-output>
          </reporter-output>
        </test-method> <!-- testMontserrat -->
        <test-method status="PASS" signature="testNamibia()[pri:0, instance:com.wildstartech.wfa.country.TestCountryFactory@3d24753a]" name="testNamibia" duration-ms="0" started-at="2015-12-24T00:35:14Z" finished-at="2015-12-24T00:35:14Z">
          <reporter-output>
          </reporter-output>
        </test-method> <!-- testNamibia -->
        <test-method status="PASS" signature="testNepal()[pri:0, instance:com.wildstartech.wfa.country.TestCountryFactory@3d24753a]" name="testNepal" duration-ms="0" started-at="2015-12-24T00:35:14Z" finished-at="2015-12-24T00:35:14Z">
          <reporter-output>
          </reporter-output>
        </test-method> <!-- testNepal -->
        <test-method status="PASS" signature="testMozambique()[pri:0, instance:com.wildstartech.wfa.country.TestCountryFactory@3d24753a]" name="testMozambique" duration-ms="0" started-at="2015-12-24T00:35:14Z" finished-at="2015-12-24T00:35:14Z">
          <reporter-output>
          </reporter-output>
        </test-method> <!-- testMozambique -->
        <test-method status="PASS" signature="testMyanmar()[pri:0, instance:com.wildstartech.wfa.country.TestCountryFactory@3d24753a]" name="testMyanmar" duration-ms="0" started-at="2015-12-24T00:35:14Z" finished-at="2015-12-24T00:35:14Z">
          <reporter-output>
          </reporter-output>
        </test-method> <!-- testMyanmar -->
        <test-method status="PASS" signature="testNauru()[pri:0, instance:com.wildstartech.wfa.country.TestCountryFactory@3d24753a]" name="testNauru" duration-ms="0" started-at="2015-12-24T00:35:14Z" finished-at="2015-12-24T00:35:14Z">
          <reporter-output>
          </reporter-output>
        </test-method> <!-- testNauru -->
        <test-method status="PASS" signature="testNewZealand()[pri:0, instance:com.wildstartech.wfa.country.TestCountryFactory@3d24753a]" name="testNewZealand" duration-ms="0" started-at="2015-12-24T00:35:14Z" finished-at="2015-12-24T00:35:14Z">
          <reporter-output>
          </reporter-output>
        </test-method> <!-- testNewZealand -->
        <test-method status="PASS" signature="testNicaragua()[pri:0, instance:com.wildstartech.wfa.country.TestCountryFactory@3d24753a]" name="testNicaragua" duration-ms="0" started-at="2015-12-24T00:35:14Z" finished-at="2015-12-24T00:35:14Z">
          <reporter-output>
          </reporter-output>
        </test-method> <!-- testNicaragua -->
        <test-method status="PASS" signature="testNetherlands()[pri:0, instance:com.wildstartech.wfa.country.TestCountryFactory@3d24753a]" name="testNetherlands" duration-ms="0" started-at="2015-12-24T00:35:14Z" finished-at="2015-12-24T00:35:14Z">
          <reporter-output>
          </reporter-output>
        </test-method> <!-- testNetherlands -->
        <test-method status="PASS" signature="testNetherlandsAntilles()[pri:0, instance:com.wildstartech.wfa.country.TestCountryFactory@3d24753a]" name="testNetherlandsAntilles" duration-ms="0" started-at="2015-12-24T00:35:14Z" finished-at="2015-12-24T00:35:14Z">
          <reporter-output>
          </reporter-output>
        </test-method> <!-- testNetherlandsAntilles -->
        <test-method status="PASS" signature="testNewCaledonia()[pri:0, instance:com.wildstartech.wfa.country.TestCountryFactory@3d24753a]" name="testNewCaledonia" duration-ms="0" started-at="2015-12-24T00:35:14Z" finished-at="2015-12-24T00:35:14Z">
          <reporter-output>
          </reporter-output>
        </test-method> <!-- testNewCaledonia -->
        <test-method status="PASS" signature="testNiger()[pri:0, instance:com.wildstartech.wfa.country.TestCountryFactory@3d24753a]" name="testNiger" duration-ms="0" started-at="2015-12-24T00:35:14Z" finished-at="2015-12-24T00:35:14Z">
          <reporter-output>
          </reporter-output>
        </test-method> <!-- testNiger -->
        <test-method status="PASS" signature="testNigeria()[pri:0, instance:com.wildstartech.wfa.country.TestCountryFactory@3d24753a]" name="testNigeria" duration-ms="1" started-at="2015-12-24T00:35:14Z" finished-at="2015-12-24T00:35:14Z">
          <reporter-output>
          </reporter-output>
        </test-method> <!-- testNigeria -->
        <test-method status="PASS" signature="testNiue()[pri:0, instance:com.wildstartech.wfa.country.TestCountryFactory@3d24753a]" name="testNiue" duration-ms="1" started-at="2015-12-24T00:35:14Z" finished-at="2015-12-24T00:35:14Z">
          <reporter-output>
          </reporter-output>
        </test-method> <!-- testNiue -->
        <test-method status="PASS" signature="testNorfolkIsland()[pri:0, instance:com.wildstartech.wfa.country.TestCountryFactory@3d24753a]" name="testNorfolkIsland" duration-ms="0" started-at="2015-12-24T00:35:14Z" finished-at="2015-12-24T00:35:14Z">
          <reporter-output>
          </reporter-output>
        </test-method> <!-- testNorfolkIsland -->
        <test-method status="PASS" signature="testOman()[pri:0, instance:com.wildstartech.wfa.country.TestCountryFactory@3d24753a]" name="testOman" duration-ms="0" started-at="2015-12-24T00:35:14Z" finished-at="2015-12-24T00:35:14Z">
          <reporter-output>
          </reporter-output>
        </test-method> <!-- testOman -->
        <test-method status="PASS" signature="testNorway()[pri:0, instance:com.wildstartech.wfa.country.TestCountryFactory@3d24753a]" name="testNorway" duration-ms="0" started-at="2015-12-24T00:35:14Z" finished-at="2015-12-24T00:35:14Z">
          <reporter-output>
          </reporter-output>
        </test-method> <!-- testNorway -->
        <test-method status="PASS" signature="testNorthernMarianaIslands()[pri:0, instance:com.wildstartech.wfa.country.TestCountryFactory@3d24753a]" name="testNorthernMarianaIslands" duration-ms="0" started-at="2015-12-24T00:35:14Z" finished-at="2015-12-24T00:35:14Z">
          <reporter-output>
          </reporter-output>
        </test-method> <!-- testNorthernMarianaIslands -->
        <test-method status="PASS" signature="testPakistan()[pri:0, instance:com.wildstartech.wfa.country.TestCountryFactory@3d24753a]" name="testPakistan" duration-ms="0" started-at="2015-12-24T00:35:14Z" finished-at="2015-12-24T00:35:14Z">
          <reporter-output>
          </reporter-output>
        </test-method> <!-- testPakistan -->
        <test-method status="PASS" signature="testPalau()[pri:0, instance:com.wildstartech.wfa.country.TestCountryFactory@3d24753a]" name="testPalau" duration-ms="0" started-at="2015-12-24T00:35:14Z" finished-at="2015-12-24T00:35:14Z">
          <reporter-output>
          </reporter-output>
        </test-method> <!-- testPalau -->
        <test-method status="PASS" signature="testPapuaNewGuinea()[pri:0, instance:com.wildstartech.wfa.country.TestCountryFactory@3d24753a]" name="testPapuaNewGuinea" duration-ms="1" started-at="2015-12-24T00:35:14Z" finished-at="2015-12-24T00:35:14Z">
          <reporter-output>
          </reporter-output>
        </test-method> <!-- testPapuaNewGuinea -->
        <test-method status="PASS" signature="testPalestinianTerritoryOccupied()[pri:0, instance:com.wildstartech.wfa.country.TestCountryFactory@3d24753a]" name="testPalestinianTerritoryOccupied" duration-ms="0" started-at="2015-12-24T00:35:14Z" finished-at="2015-12-24T00:35:14Z">
          <reporter-output>
          </reporter-output>
        </test-method> <!-- testPalestinianTerritoryOccupied -->
        <test-method status="PASS" signature="testPanama()[pri:0, instance:com.wildstartech.wfa.country.TestCountryFactory@3d24753a]" name="testPanama" duration-ms="0" started-at="2015-12-24T00:35:14Z" finished-at="2015-12-24T00:35:14Z">
          <reporter-output>
          </reporter-output>
        </test-method> <!-- testPanama -->
        <test-method status="PASS" signature="testPeru()[pri:0, instance:com.wildstartech.wfa.country.TestCountryFactory@3d24753a]" name="testPeru" duration-ms="0" started-at="2015-12-24T00:35:14Z" finished-at="2015-12-24T00:35:14Z">
          <reporter-output>
          </reporter-output>
        </test-method> <!-- testPeru -->
        <test-method status="PASS" signature="testParaguay()[pri:0, instance:com.wildstartech.wfa.country.TestCountryFactory@3d24753a]" name="testParaguay" duration-ms="0" started-at="2015-12-24T00:35:14Z" finished-at="2015-12-24T00:35:14Z">
          <reporter-output>
          </reporter-output>
        </test-method> <!-- testParaguay -->
        <test-method status="PASS" signature="testPoland()[pri:0, instance:com.wildstartech.wfa.country.TestCountryFactory@3d24753a]" name="testPoland" duration-ms="1" started-at="2015-12-24T00:35:14Z" finished-at="2015-12-24T00:35:14Z">
          <reporter-output>
          </reporter-output>
        </test-method> <!-- testPoland -->
        <test-method status="PASS" signature="testPitcairn()[pri:0, instance:com.wildstartech.wfa.country.TestCountryFactory@3d24753a]" name="testPitcairn" duration-ms="0" started-at="2015-12-24T00:35:14Z" finished-at="2015-12-24T00:35:14Z">
          <reporter-output>
          </reporter-output>
        </test-method> <!-- testPitcairn -->
        <test-method status="PASS" signature="testPhilippines()[pri:0, instance:com.wildstartech.wfa.country.TestCountryFactory@3d24753a]" name="testPhilippines" duration-ms="0" started-at="2015-12-24T00:35:14Z" finished-at="2015-12-24T00:35:14Z">
          <reporter-output>
          </reporter-output>
        </test-method> <!-- testPhilippines -->
        <test-method status="PASS" signature="testPuertoRico()[pri:0, instance:com.wildstartech.wfa.country.TestCountryFactory@3d24753a]" name="testPuertoRico" duration-ms="0" started-at="2015-12-24T00:35:14Z" finished-at="2015-12-24T00:35:14Z">
          <reporter-output>
          </reporter-output>
        </test-method> <!-- testPuertoRico -->
        <test-method status="PASS" signature="testRwanda()[pri:0, instance:com.wildstartech.wfa.country.TestCountryFactory@3d24753a]" name="testRwanda" duration-ms="1" started-at="2015-12-24T00:35:14Z" finished-at="2015-12-24T00:35:14Z">
          <reporter-output>
          </reporter-output>
        </test-method> <!-- testRwanda -->
        <test-method status="PASS" signature="testQatar()[pri:0, instance:com.wildstartech.wfa.country.TestCountryFactory@3d24753a]" name="testQatar" duration-ms="0" started-at="2015-12-24T00:35:14Z" finished-at="2015-12-24T00:35:14Z">
          <reporter-output>
          </reporter-output>
        </test-method> <!-- testQatar -->
        <test-method status="PASS" signature="testRomania()[pri:0, instance:com.wildstartech.wfa.country.TestCountryFactory@3d24753a]" name="testRomania" duration-ms="0" started-at="2015-12-24T00:35:14Z" finished-at="2015-12-24T00:35:14Z">
          <reporter-output>
          </reporter-output>
        </test-method> <!-- testRomania -->
        <test-method status="PASS" signature="testRussianFederation()[pri:0, instance:com.wildstartech.wfa.country.TestCountryFactory@3d24753a]" name="testRussianFederation" duration-ms="0" started-at="2015-12-24T00:35:14Z" finished-at="2015-12-24T00:35:14Z">
          <reporter-output>
          </reporter-output>
        </test-method> <!-- testRussianFederation -->
        <test-method status="PASS" signature="testPortugal()[pri:0, instance:com.wildstartech.wfa.country.TestCountryFactory@3d24753a]" name="testPortugal" duration-ms="0" started-at="2015-12-24T00:35:14Z" finished-at="2015-12-24T00:35:14Z">
          <reporter-output>
          </reporter-output>
        </test-method> <!-- testPortugal -->
        <test-method status="PASS" signature="testSaintPierreAndMiquelon()[pri:0, instance:com.wildstartech.wfa.country.TestCountryFactory@3d24753a]" name="testSaintPierreAndMiquelon" duration-ms="1" started-at="2015-12-24T00:35:14Z" finished-at="2015-12-24T00:35:14Z">
          <reporter-output>
          </reporter-output>
        </test-method> <!-- testSaintPierreAndMiquelon -->
        <test-method status="PASS" signature="testSaintKittsAndNevis()[pri:0, instance:com.wildstartech.wfa.country.TestCountryFactory@3d24753a]" name="testSaintKittsAndNevis" duration-ms="0" started-at="2015-12-24T00:35:14Z" finished-at="2015-12-24T00:35:14Z">
          <reporter-output>
          </reporter-output>
        </test-method> <!-- testSaintKittsAndNevis -->
        <test-method status="PASS" signature="testSaintLucia()[pri:0, instance:com.wildstartech.wfa.country.TestCountryFactory@3d24753a]" name="testSaintLucia" duration-ms="0" started-at="2015-12-24T00:35:14Z" finished-at="2015-12-24T00:35:14Z">
          <reporter-output>
          </reporter-output>
        </test-method> <!-- testSaintLucia -->
        <test-method status="PASS" signature="testSaintHelena()[pri:0, instance:com.wildstartech.wfa.country.TestCountryFactory@3d24753a]" name="testSaintHelena" duration-ms="0" started-at="2015-12-24T00:35:14Z" finished-at="2015-12-24T00:35:14Z">
          <reporter-output>
          </reporter-output>
        </test-method> <!-- testSaintHelena -->
        <test-method status="PASS" signature="testSaintMartin()[pri:0, instance:com.wildstartech.wfa.country.TestCountryFactory@3d24753a]" name="testSaintMartin" duration-ms="0" started-at="2015-12-24T00:35:14Z" finished-at="2015-12-24T00:35:14Z">
          <reporter-output>
          </reporter-output>
        </test-method> <!-- testSaintMartin -->
        <test-method status="PASS" signature="testSaintBarthelemy()[pri:0, instance:com.wildstartech.wfa.country.TestCountryFactory@3d24753a]" name="testSaintBarthelemy" duration-ms="0" started-at="2015-12-24T00:35:14Z" finished-at="2015-12-24T00:35:14Z">
          <reporter-output>
          </reporter-output>
        </test-method> <!-- testSaintBarthelemy -->
        <test-method status="PASS" signature="testSaudiArabia()[pri:0, instance:com.wildstartech.wfa.country.TestCountryFactory@3d24753a]" name="testSaudiArabia" duration-ms="0" started-at="2015-12-24T00:35:14Z" finished-at="2015-12-24T00:35:14Z">
          <reporter-output>
          </reporter-output>
        </test-method> <!-- testSaudiArabia -->
        <test-method status="PASS" signature="testSaoTomeAndPrincipe()[pri:0, instance:com.wildstartech.wfa.country.TestCountryFactory@3d24753a]" name="testSaoTomeAndPrincipe" duration-ms="0" started-at="2015-12-24T00:35:14Z" finished-at="2015-12-24T00:35:14Z">
          <reporter-output>
          </reporter-output>
        </test-method> <!-- testSaoTomeAndPrincipe -->
        <test-method status="PASS" signature="testSaintVincentAndTheGrenadines()[pri:0, instance:com.wildstartech.wfa.country.TestCountryFactory@3d24753a]" name="testSaintVincentAndTheGrenadines" duration-ms="0" started-at="2015-12-24T00:35:14Z" finished-at="2015-12-24T00:35:14Z">
          <reporter-output>
          </reporter-output>
        </test-method> <!-- testSaintVincentAndTheGrenadines -->
        <test-method status="PASS" signature="testSamoa()[pri:0, instance:com.wildstartech.wfa.country.TestCountryFactory@3d24753a]" name="testSamoa" duration-ms="0" started-at="2015-12-24T00:35:14Z" finished-at="2015-12-24T00:35:14Z">
          <reporter-output>
          </reporter-output>
        </test-method> <!-- testSamoa -->
[...]
          <reporter-output>
          </reporter-output>
        </test-method> <!-- testSouthGeorgiaAndTheSouthSandwichIslands -->
        <test-method status="PASS" signature="testSudan()[pri:0, instance:com.wildstartech.wfa.country.TestCountryFactory@3d24753a]" name="testSudan" duration-ms="0" started-at="2015-12-24T00:35:14Z" finished-at="2015-12-24T00:35:14Z">
          <reporter-output>
          </reporter-output>
        </test-method> <!-- testSudan -->
        <test-method status="PASS" signature="testSriLanka()[pri:0, instance:com.wildstartech.wfa.country.TestCountryFactory@3d24753a]" name="testSriLanka" duration-ms="0" started-at="2015-12-24T00:35:14Z" finished-at="2015-12-24T00:35:14Z">
          <reporter-output>
          </reporter-output>
        </test-method> <!-- testSriLanka -->
        <test-method status="PASS" signature="testSouthAfrica()[pri:0, instance:com.wildstartech.wfa.country.TestCountryFactory@3d24753a]" name="testSouthAfrica" duration-ms="0" started-at="2015-12-24T00:35:14Z" finished-at="2015-12-24T00:35:14Z">
          <reporter-output>
          </reporter-output>
        </test-method> <!-- testSouthAfrica -->
        <test-method status="PASS" signature="testSweden()[pri:0, instance:com.wildstartech.wfa.country.TestCountryFactory@3d24753a]" name="testSweden" duration-ms="0" started-at="2015-12-24T00:35:14Z" finished-at="2015-12-24T00:35:14Z">
          <reporter-output>
          </reporter-output>
        </test-method> <!-- testSweden -->
        <test-method status="PASS" signature="testSyrianArabRepublic()[pri:0, instance:com.wildstartech.wfa.country.TestCountryFactory@3d24753a]" name="testSyrianArabRepublic" duration-ms="1" started-at="2015-12-24T00:35:14Z" finished-at="2015-12-24T00:35:14Z">
          <reporter-output>
          </reporter-output>
        </test-method> <!-- testSyrianArabRepublic -->
        <test-method status="PASS" signature="testSwitzerland()[pri:0, instance:com.wildstartech.wfa.country.TestCountryFactory@3d24753a]" name="testSwitzerland" duration-ms="0" started-at="2015-12-24T00:35:14Z" finished-at="2015-12-24T00:35:14Z">
          <reporter-output>
          </reporter-output>
        </test-method> <!-- testSwitzerland -->
        <test-method status="PASS" signature="testSwaziland()[pri:0, instance:com.wildstartech.wfa.country.TestCountryFactory@3d24753a]" name="testSwaziland" duration-ms="0" started-at="2015-12-24T00:35:14Z" finished-at="2015-12-24T00:35:14Z">
          <reporter-output>
          </reporter-output>
        </test-method> <!-- testSwaziland -->
        <test-method status="PASS" signature="testSvalbardAndJanMayen()[pri:0, instance:com.wildstartech.wfa.country.TestCountryFactory@3d24753a]" name="testSvalbardAndJanMayen" duration-ms="0" started-at="2015-12-24T00:35:14Z" finished-at="2015-12-24T00:35:14Z">
          <reporter-output>
          </reporter-output>
        </test-method> <!-- testSvalbardAndJanMayen -->
        <test-method status="PASS" signature="testTaiwanProvinceOfChina()[pri:0, instance:com.wildstartech.wfa.country.TestCountryFactory@3d24753a]" name="testTaiwanProvinceOfChina" duration-ms="0" started-at="2015-12-24T00:35:14Z" finished-at="2015-12-24T00:35:14Z">
          <reporter-output>
          </reporter-output>
        </test-method> <!-- testTaiwanProvinceOfChina -->
        <test-method status="PASS" signature="testThailand()[pri:0, instance:com.wildstartech.wfa.country.TestCountryFactory@3d24753a]" name="testThailand" duration-ms="0" started-at="2015-12-24T00:35:14Z" finished-at="2015-12-24T00:35:14Z">
          <reporter-output>
          </reporter-output>
        </test-method> <!-- testThailand -->
        <test-method status="PASS" signature="testTanzaniaUnitedRepublicOf()[pri:0, instance:com.wildstartech.wfa.country.TestCountryFactory@3d24753a]" name="testTanzaniaUnitedRepublicOf" duration-ms="0" started-at="2015-12-24T00:35:14Z" finished-at="2015-12-24T00:35:14Z">
          <reporter-output>
          </reporter-output>
        </test-method> <!-- testTanzaniaUnitedRepublicOf -->
        <test-method status="PASS" signature="testTimorLeste()[pri:0, instance:com.wildstartech.wfa.country.TestCountryFactory@3d24753a]" name="testTimorLeste" duration-ms="0" started-at="2015-12-24T00:35:14Z" finished-at="2015-12-24T00:35:14Z">
          <reporter-output>
          </reporter-output>
        </test-method> <!-- testTimorLeste -->
        <test-method status="PASS" signature="testTajikistan()[pri:0, instance:com.wildstartech.wfa.country.TestCountryFactory@3d24753a]" name="testTajikistan" duration-ms="0" started-at="2015-12-24T00:35:14Z" finished-at="2015-12-24T00:35:14Z">
          <reporter-output>
          </reporter-output>
        </test-method> <!-- testTajikistan -->
        <test-method status="PASS" signature="testTogo()[pri:0, instance:com.wildstartech.wfa.country.TestCountryFactory@3d24753a]" name="testTogo" duration-ms="1" started-at="2015-12-24T00:35:14Z" finished-at="2015-12-24T00:35:14Z">
          <reporter-output>
          </reporter-output>
        </test-method> <!-- testTogo -->
        <test-method status="PASS" signature="testTurkmenistan()[pri:0, instance:com.wildstartech.wfa.country.TestCountryFactory@3d24753a]" name="testTurkmenistan" duration-ms="0" started-at="2015-12-24T00:35:14Z" finished-at="2015-12-24T00:35:14Z">
          <reporter-output>
          </reporter-output>
        </test-method> <!-- testTurkmenistan -->
        <test-method status="PASS" signature="testTokelau()[pri:0, instance:com.wildstartech.wfa.country.TestCountryFactory@3d24753a]" name="testTokelau" duration-ms="0" started-at="2015-12-24T00:35:14Z" finished-at="2015-12-24T00:35:14Z">
          <reporter-output>
          </reporter-output>
        </test-method> <!-- testTokelau -->
        <test-method status="PASS" signature="testTonga()[pri:0, instance:com.wildstartech.wfa.country.TestCountryFactory@3d24753a]" name="testTonga" duration-ms="0" started-at="2015-12-24T00:35:14Z" finished-at="2015-12-24T00:35:14Z">
          <reporter-output>
          </reporter-output>
        </test-method> <!-- testTonga -->
        <test-method status="PASS" signature="testTurkey()[pri:0, instance:com.wildstartech.wfa.country.TestCountryFactory@3d24753a]" name="testTurkey" duration-ms="0" started-at="2015-12-24T00:35:14Z" finished-at="2015-12-24T00:35:14Z">
          <reporter-output>
          </reporter-output>
        </test-method> <!-- testTurkey -->
        <test-method status="PASS" signature="testTunisia()[pri:0, instance:com.wildstartech.wfa.country.TestCountryFactory@3d24753a]" name="testTunisia" duration-ms="0" started-at="2015-12-24T00:35:14Z" finished-at="2015-12-24T00:35:14Z">
          <reporter-output>
          </reporter-output>
        </test-method> <!-- testTunisia -->
        <test-method status="PASS" signature="testTrinidadAndTobago()[pri:0, instance:com.wildstartech.wfa.country.TestCountryFactory@3d24753a]" name="testTrinidadAndTobago" duration-ms="0" started-at="2015-12-24T00:35:14Z" finished-at="2015-12-24T00:35:14Z">
          <reporter-output>
          </reporter-output>
        </test-method> <!-- testTrinidadAndTobago -->
        <test-method status="PASS" signature="testTurksAndCaicosIslands()[pri:0, instance:com.wildstartech.wfa.country.TestCountryFactory@3d24753a]" name="testTurksAndCaicosIslands" duration-ms="1" started-at="2015-12-24T00:35:14Z" finished-at="2015-12-24T00:35:14Z">
          <reporter-output>
          </reporter-output>
        </test-method> <!-- testTurksAndCaicosIslands -->
        <test-method status="PASS" signature="testUganda()[pri:0, instance:com.wildstartech.wfa.country.TestCountryFactory@3d24753a]" name="testUganda" duration-ms="0" started-at="2015-12-24T00:35:14Z" finished-at="2015-12-24T00:35:14Z">
          <reporter-output>
          </reporter-output>
        </test-method> <!-- testUganda -->
        <test-method status="PASS" signature="testUnitedStatesMinorOutlyingIslands()[pri:0, instance:com.wildstartech.wfa.country.TestCountryFactory@3d24753a]" name="testUnitedStatesMinorOutlyingIslands" duration-ms="0" started-at="2015-12-24T00:35:14Z" finished-at="2015-12-24T00:35:14Z">
          <reporter-output>
          </reporter-output>
        </test-method> <!-- testUnitedStatesMinorOutlyingIslands -->
        <test-method status="PASS" signature="testUnitedStates()[pri:0, instance:com.wildstartech.wfa.country.TestCountryFactory@3d24753a]" name="testUnitedStates" duration-ms="0" started-at="2015-12-24T00:35:14Z" finished-at="2015-12-24T00:35:14Z">
          <reporter-output>
          </reporter-output>
        </test-method> <!-- testUnitedStates -->
        <test-method status="PASS" signature="testTuvalu()[pri:0, instance:com.wildstartech.wfa.country.TestCountryFactory@3d24753a]" name="testTuvalu" duration-ms="0" started-at="2015-12-24T00:35:14Z" finished-at="2015-12-24T00:35:14Z">
          <reporter-output>
          </reporter-output>
        </test-method> <!-- testTuvalu -->
        <test-method status="PASS" signature="testUkraine()[pri:0, instance:com.wildstartech.wfa.country.TestCountryFactory@3d24753a]" name="testUkraine" duration-ms="0" started-at="2015-12-24T00:35:14Z" finished-at="2015-12-24T00:35:14Z">
          <reporter-output>
          </reporter-output>
        </test-method> <!-- testUkraine -->
        <test-method status="PASS" signature="testUnitedKingdom()[pri:0, instance:com.wildstartech.wfa.country.TestCountryFactory@3d24753a]" name="testUnitedKingdom" duration-ms="0" started-at="2015-12-24T00:35:14Z" finished-at="2015-12-24T00:35:14Z">
          <reporter-output>
          </reporter-output>
        </test-method> <!-- testUnitedKingdom -->
        <test-method status="PASS" signature="testUnitedArabEmirates()[pri:0, instance:com.wildstartech.wfa.country.TestCountryFactory@3d24753a]" name="testUnitedArabEmirates" duration-ms="0" started-at="2015-12-24T00:35:14Z" finished-at="2015-12-24T00:35:14Z">
          <reporter-output>
          </reporter-output>
        </test-method> <!-- testUnitedArabEmirates -->
        <test-method status="PASS" signature="testUruguay()[pri:0, instance:com.wildstartech.wfa.country.TestCountryFactory@3d24753a]" name="testUruguay" duration-ms="0" started-at="2015-12-24T00:35:14Z" finished-at="2015-12-24T00:35:14Z">
          <reporter-output>
          </reporter-output>
        </test-method> <!-- testUruguay -->
        <test-method status="PASS" signature="testVaticanCityState()[pri:0, instance:com.wildstartech.wfa.country.TestCountryFactory@3d24753a]" name="testVaticanCityState" duration-ms="0" started-at="2015-12-24T00:35:14Z" finished-at="2015-12-24T00:35:14Z">
          <reporter-output>
          </reporter-output>
        </test-method> <!-- testVaticanCityState -->
        <test-method status="PASS" signature="testVirginIslandsBritish()[pri:0, instance:com.wildstartech.wfa.country.TestCountryFactory@3d24753a]" name="testVirginIslandsBritish" duration-ms="0" started-at="2015-12-24T00:35:14Z" finished-at="2015-12-24T00:35:14Z">
          <reporter-output>
          </reporter-output>
        </test-method> <!-- testVirginIslandsBritish -->
        <test-method status="PASS" signature="testUzbekistan()[pri:0, instance:com.wildstartech.wfa.country.TestCountryFactory@3d24753a]" name="testUzbekistan" duration-ms="0" started-at="2015-12-24T00:35:14Z" finished-at="2015-12-24T00:35:14Z">
          <reporter-output>
          </reporter-output>
        </test-method> <!-- testUzbekistan -->
        <test-method status="PASS" signature="testVietNam()[pri:0, instance:com.wildstartech.wfa.country.TestCountryFactory@3d24753a]" name="testVietNam" duration-ms="0" started-at="2015-12-24T00:35:14Z" finished-at="2015-12-24T00:35:14Z">
          <reporter-output>
          </reporter-output>
        </test-method> <!-- testVietNam -->
        <test-method status="PASS" signature="testVenezuelaBolivarianRepublicOf()[pri:0, instance:com.wildstartech.wfa.country.TestCountryFactory@3d24753a]" name="testVenezuelaBolivarianRepublicOf" duration-ms="0" started-at="2015-12-24T00:35:14Z" finished-at="2015-12-24T00:35:14Z">
          <reporter-output>
          </reporter-output>
        </test-method> <!-- testVenezuelaBolivarianRepublicOf -->
        <test-method status="PASS" signature="testVanuatu()[pri:0, instance:com.wildstartech.wfa.country.TestCountryFactory@3d24753a]" name="testVanuatu" duration-ms="0" started-at="2015-12-24T00:35:14Z" finished-at="2015-12-24T00:35:14Z">
          <reporter-output>
          </reporter-output>
        </test-method> <!-- testVanuatu -->
        <test-method status="PASS" signature="testZambia()[pri:0, instance:com.wildstartech.wfa.country.TestCountryFactory@3d24753a]" name="testZambia" duration-ms="0" started-at="2015-12-24T00:35:14Z" finished-at="2015-12-24T00:35:14Z">
          <reporter-output>
          </reporter-output>
        </test-method> <!-- testZambia -->
        <test-method status="PASS" signature="testWallisAndFutuna()[pri:0, instance:com.wildstartech.wfa.country.TestCountryFactory@3d24753a]" name="testWallisAndFutuna" duration-ms="0" started-at="2015-12-24T00:35:14Z" finished-at="2015-12-24T00:35:14Z">
          <reporter-output>
          </reporter-output>
        </test-method> <!-- testWallisAndFutuna -->
        <test-method status="PASS" signature="testWesternSahara()[pri:0, instance:com.wildstartech.wfa.country.TestCountryFactory@3d24753a]" name="testWesternSahara" duration-ms="0" started-at="2015-12-24T00:35:14Z" finished-at="2015-12-24T00:35:14Z">
          <reporter-output>
          </reporter-output>
        </test-method> <!-- testWesternSahara -->
        <test-method status="PASS" signature="testYemen()[pri:0, instance:com.wildstartech.wfa.country.TestCountryFactory@3d24753a]" name="testYemen" duration-ms="0" started-at="2015-12-24T00:35:14Z" finished-at="2015-12-24T00:35:14Z">
          <reporter-output>
          </reporter-output>
        </test-method> <!-- testYemen -->
        <test-method status="PASS" signature="testZimbabwe()[pri:0, instance:com.wildstartech.wfa.country.TestCountryFactory@3d24753a]" name="testZimbabwe" duration-ms="1" started-at="2015-12-24T00:35:14Z" finished-at="2015-12-24T00:35:14Z">
          <reporter-output>
          </reporter-output>
        </test-method> <!-- testZimbabwe -->
        <test-method status="PASS" signature="testVirginIslandsUS()[pri:0, instance:com.wildstartech.wfa.country.TestCountryFactory@3d24753a]" name="testVirginIslandsUS" duration-ms="0" started-at="2015-12-24T00:35:14Z" finished-at="2015-12-24T00:35:14Z">
          <reporter-output>
          </reporter-output>
        </test-method> <!-- testVirginIslandsUS -->
      </class> <!-- com.wildstartech.wfa.country.TestCountryFactory -->
      <class name="com.wildstartech.wfa.location.address.us.ZipCodeFactoryTest">
        <test-method status="PASS" signature="getInstanceTest()[pri:0, instance:com.wildstartech.wfa.location.address.us.ZipCodeFactoryTest@7e0ea639]" name="getInstanceTest" duration-ms="0" started-at="2015-12-24T00:35:14Z" finished-at="2015-12-24T00:35:14Z">
          <reporter-output>
          </reporter-output>
        </test-method> <!-- getInstanceTest -->
        <test-method status="PASS" signature="get92010CarlsbadCA()[pri:0, instance:com.wildstartech.wfa.location.address.us.ZipCodeFactoryTest@7e0ea639]" name="get92010CarlsbadCA" duration-ms="0" started-at="2015-12-24T00:35:14Z" depends-on-methods="com.wildstartech.wfa.location.address.us.ZipCodeFactoryTest.getInstanceTest" finished-at="2015-12-24T00:35:14Z">
          <reporter-output>
          </reporter-output>
        </test-method> <!-- get92010CarlsbadCA -->
        <test-method status="PASS" signature="get93619ClovisCA()[pri:0, instance:com.wildstartech.wfa.location.address.us.ZipCodeFactoryTest@7e0ea639]" name="get93619ClovisCA" duration-ms="0" started-at="2015-12-24T00:35:14Z" depends-on-methods="com.wildstartech.wfa.location.address.us.ZipCodeFactoryTest.getInstanceTest" finished-at="2015-12-24T00:35:14Z">
          <reporter-output>
          </reporter-output>
        </test-method> <!-- get93619ClovisCA -->
        <test-method status="PASS" signature="get92011CarlsbadCA()[pri:0, instance:com.wildstartech.wfa.location.address.us.ZipCodeFactoryTest@7e0ea639]" name="get92011CarlsbadCA" duration-ms="0" started-at="2015-12-24T00:35:14Z" depends-on-methods="com.wildstartech.wfa.location.address.us.ZipCodeFactoryTest.getInstanceTest" finished-at="2015-12-24T00:35:14Z">
          <reporter-output>
          </reporter-output>
        </test-method> <!-- get92011CarlsbadCA -->
        <test-method status="PASS" signature="get94505DiscoveryBayCA()[pri:0, instance:com.wildstartech.wfa.location.address.us.ZipCodeFactoryTest@7e0ea639]" name="get94505DiscoveryBayCA" duration-ms="0" started-at="2015-12-24T00:35:14Z" depends-on-methods="com.wildstartech.wfa.location.address.us.ZipCodeFactoryTest.getInstanceTest" finished-at="2015-12-24T00:35:14Z">
          <reporter-output>
          </reporter-output>
        </test-method> <!-- get94505DiscoveryBayCA -->
        <test-method status="PASS" signature="get94582SanRamonCA()[pri:0, instance:com.wildstartech.wfa.location.address.us.ZipCodeFactoryTest@7e0ea639]" name="get94582SanRamonCA" duration-ms="0" started-at="2015-12-24T00:35:14Z" depends-on-methods="com.wildstartech.wfa.location.address.us.ZipCodeFactoryTest.getInstanceTest" finished-at="2015-12-24T00:35:14Z">
          <reporter-output>
          </reporter-output>
        </test-method> <!-- get94582SanRamonCA -->
        <test-method status="PASS" signature="get97086HappyValleyOR()[pri:0, instance:com.wildstartech.wfa.location.address.us.ZipCodeFactoryTest@7e0ea639]" name="get97086HappyValleyOR" duration-ms="0" started-at="2015-12-24T00:35:14Z" depends-on-methods="com.wildstartech.wfa.location.address.us.ZipCodeFactoryTest.getInstanceTest" finished-at="2015-12-24T00:35:14Z">
          <reporter-output>
          </reporter-output>
        </test-method> <!-- get97086HappyValleyOR -->
        <test-method status="PASS" signature="getFLPanamaCityBeachTest()[pri:0, instance:com.wildstartech.wfa.location.address.us.ZipCodeFactoryTest@7e0ea639]" name="getFLPanamaCityBeachTest" duration-ms="0" started-at="2015-12-24T00:35:14Z" depends-on-methods="com.wildstartech.wfa.location.address.us.ZipCodeFactoryTest.getInstanceTest" finished-at="2015-12-24T00:35:14Z">
          <reporter-output>
          </reporter-output>
        </test-method> <!-- getFLPanamaCityBeachTest -->
        <test-method status="PASS" signature="getGAAtlanta30332Test()[pri:0, instance:com.wildstartech.wfa.location.address.us.ZipCodeFactoryTest@7e0ea639]" name="getGAAtlanta30332Test" duration-ms="0" started-at="2015-12-24T00:35:14Z" depends-on-methods="com.wildstartech.wfa.location.address.us.ZipCodeFactoryTest.getInstanceTest" finished-at="2015-12-24T00:35:14Z">
          <reporter-output>
          </reporter-output>
        </test-method> <!-- getGAAtlanta30332Test -->
        <test-method status="PASS" signature="getGASandySprings30328Test()[pri:0, instance:com.wildstartech.wfa.location.address.us.ZipCodeFactoryTest@7e0ea639]" name="getGASandySprings30328Test" duration-ms="0" started-at="2015-12-24T00:35:14Z" depends-on-methods="com.wildstartech.wfa.location.address.us.ZipCodeFactoryTest.getInstanceTest" finished-at="2015-12-24T00:35:14Z">
          <reporter-output>
          </reporter-output>
        </test-method> <!-- getGASandySprings30328Test -->
      </class> <!-- com.wildstartech.wfa.location.address.us.ZipCodeFactoryTest -->
    </test> <!-- Command line test -->
  </suite> <!-- Command line suite -->
</testng-results>
