<?xml version="1.0" encoding="UTF-8"?>
<testng-results skipped="0" failed="0" total="10" passed="10">
  <reporter-output>
  </reporter-output>
  <suite name="Default suite" duration-ms="299" started-at="2015-12-02T05:46:57Z" finished-at="2015-12-02T05:46:58Z">
    <groups>
    </groups>
    <test name="Default test" duration-ms="299" started-at="2015-12-02T05:46:57Z" finished-at="2015-12-02T05:46:58Z">
      <class name="com.wildstartech.wfa.location.address.us.ZipCodeFactoryTest">
        <test-method status="PASS" signature="getInstanceTest()[pri:0, instance:com.wildstartech.wfa.location.address.us.ZipCodeFactoryTest@64b28abf]" name="getInstanceTest" duration-ms="19" started-at="2015-12-01T23:46:57Z" finished-at="2015-12-01T23:46:57Z">
          <reporter-output>
          </reporter-output>
        </test-method> <!-- getInstanceTest -->
        <test-method status="PASS" signature="get92010CarlsbadCA()[pri:0, instance:com.wildstartech.wfa.location.address.us.ZipCodeFactoryTest@64b28abf]" name="get92010CarlsbadCA" duration-ms="234" started-at="2015-12-01T23:46:57Z" depends-on-methods="com.wildstartech.wfa.location.address.us.ZipCodeFactoryTest.getInstanceTest" finished-at="2015-12-01T23:46:57Z">
          <reporter-output>
          </reporter-output>
        </test-method> <!-- get92010CarlsbadCA -->
        <test-method status="PASS" signature="get92011CarlsbadCA()[pri:0, instance:com.wildstartech.wfa.location.address.us.ZipCodeFactoryTest@64b28abf]" name="get92011CarlsbadCA" duration-ms="0" started-at="2015-12-01T23:46:57Z" depends-on-methods="com.wildstartech.wfa.location.address.us.ZipCodeFactoryTest.getInstanceTest" finished-at="2015-12-01T23:46:57Z">
          <reporter-output>
          </reporter-output>
        </test-method> <!-- get92011CarlsbadCA -->
        <test-method status="PASS" signature="get93619ClovisCA()[pri:0, instance:com.wildstartech.wfa.location.address.us.ZipCodeFactoryTest@64b28abf]" name="get93619ClovisCA" duration-ms="0" started-at="2015-12-01T23:46:57Z" depends-on-methods="com.wildstartech.wfa.location.address.us.ZipCodeFactoryTest.getInstanceTest" finished-at="2015-12-01T23:46:57Z">
          <reporter-output>
          </reporter-output>
        </test-method> <!-- get93619ClovisCA -->
        <test-method status="PASS" signature="get94505DiscoveryBayCA()[pri:0, instance:com.wildstartech.wfa.location.address.us.ZipCodeFactoryTest@64b28abf]" name="get94505DiscoveryBayCA" duration-ms="1" started-at="2015-12-01T23:46:57Z" depends-on-methods="com.wildstartech.wfa.location.address.us.ZipCodeFactoryTest.getInstanceTest" finished-at="2015-12-01T23:46:57Z">
          <reporter-output>
          </reporter-output>
        </test-method> <!-- get94505DiscoveryBayCA -->
        <test-method status="PASS" signature="get94582SanRamonCA()[pri:0, instance:com.wildstartech.wfa.location.address.us.ZipCodeFactoryTest@64b28abf]" name="get94582SanRamonCA" duration-ms="0" started-at="2015-12-01T23:46:57Z" depends-on-methods="com.wildstartech.wfa.location.address.us.ZipCodeFactoryTest.getInstanceTest" finished-at="2015-12-01T23:46:57Z">
          <reporter-output>
          </reporter-output>
        </test-method> <!-- get94582SanRamonCA -->
        <test-method status="PASS" signature="get97086HappyValleyOR()[pri:0, instance:com.wildstartech.wfa.location.address.us.ZipCodeFactoryTest@64b28abf]" name="get97086HappyValleyOR" duration-ms="1" started-at="2015-12-01T23:46:57Z" depends-on-methods="com.wildstartech.wfa.location.address.us.ZipCodeFactoryTest.getInstanceTest" finished-at="2015-12-01T23:46:57Z">
          <reporter-output>
          </reporter-output>
        </test-method> <!-- get97086HappyValleyOR -->
        <test-method status="PASS" signature="getFLPanamaCityBeachTest()[pri:0, instance:com.wildstartech.wfa.location.address.us.ZipCodeFactoryTest@64b28abf]" name="getFLPanamaCityBeachTest" duration-ms="1" started-at="2015-12-01T23:46:57Z" depends-on-methods="com.wildstartech.wfa.location.address.us.ZipCodeFactoryTest.getInstanceTest" finished-at="2015-12-01T23:46:57Z">
          <reporter-output>
          </reporter-output>
        </test-method> <!-- getFLPanamaCityBeachTest -->
        <test-method status="PASS" signature="getGAAtlanta30332Test()[pri:0, instance:com.wildstartech.wfa.location.address.us.ZipCodeFactoryTest@64b28abf]" name="getGAAtlanta30332Test" duration-ms="0" started-at="2015-12-01T23:46:57Z" depends-on-methods="com.wildstartech.wfa.location.address.us.ZipCodeFactoryTest.getInstanceTest" finished-at="2015-12-01T23:46:57Z">
          <reporter-output>
          </reporter-output>
        </test-method> <!-- getGAAtlanta30332Test -->
        <test-method status="PASS" signature="getGASandySprings30328Test()[pri:0, instance:com.wildstartech.wfa.location.address.us.ZipCodeFactoryTest@64b28abf]" name="getGASandySprings30328Test" duration-ms="1" started-at="2015-12-01T23:46:57Z" depends-on-methods="com.wildstartech.wfa.location.address.us.ZipCodeFactoryTest.getInstanceTest" finished-at="2015-12-01T23:46:58Z">
          <reporter-output>
          </reporter-output>
        </test-method> <!-- getGASandySprings30328Test -->
      </class> <!-- com.wildstartech.wfa.location.address.us.ZipCodeFactoryTest -->
    </test> <!-- Default test -->
  </suite> <!-- Default suite -->
</testng-results>
